<?xml version="1.0" encoding="utf-8"?><testsuites name="pytest tests"><testsuite name="pytest" errors="0" failures="1" skipped="0" tests="63" time="39.887" timestamp="2026-07-22T14:06:42.543177+00:00" hostname="agent-env-b14494e7-0f25-4ddd-abd0-caa1c62c4931"><testcase classname="tests.test_phase1_ab_digest.TestExperiments" name="test_landing_hero_returns_variant_and_content" time="0.210" /><testcase classname="tests.test_phase1_demo.TestPhase1Events" name="test_track_new_event[waitlist_button_click]" time="0.212" /><testcase classname="tests.test_phase1_ab_digest.TestExperiments" name="test_deterministic_same_client_id_same_variant" time="0.254" /><testcase classname="tests.test_phase1_demo.TestPhase1Events" name="test_track_new_event[demo_video_view]" time="0.049" /><testcase classname="tests.test_phase1_demo.TestPhase1Events" name="test_track_new_event[demo_video_impression]" time="0.049" /><testcase classname="tests.test_phase1_demo.TestPhase1Events" name="test_track_new_event[demo_video_completed]" time="0.058" /><testcase classname="tests.test_phase1_demo.TestPhase1Events" name="test_track_new_event[book_demo_click]" time="0.086" /><testcase classname="tests.test_phase1_demo.TestPhase1Events" name="test_track_new_event[book_demo_submit]" time="0.110" /><testcase classname="tests.test_phase1_ab_digest.TestExperiments" name="test_both_variants_reachable" time="0.123" /><testcase classname="tests.test_phase1_demo.TestPhase1Events" name="test_track_new_event[book_demo_success]" time="0.048" /><testcase classname="tests.test_phase1_ab_digest.TestExperiments" name="test_known_client_ids_assignments" time="0.211" /><testcase classname="tests.test_phase1_demo.TestPhase1Events" name="test_track_new_event[page_view]" time="0.050" /><testcase classname="tests.test_phase1_demo.TestPhase1Events" name="test_conversion_by_source_reflects_events" time="0.740" /><testcase classname="tests.test_phase1_ab_digest.TestExperiments" name="test_exposure_event_written" time="0.662" /><testcase classname="tests.backend_test.TestProjectsCRUD" name="test_create_project" time="0.111" /><testcase classname="tests.test_phase1_ab_digest.TestExperiments" name="test_admin_experiments_shape" time="0.047" /><testcase classname="tests.test_phase1_ab_digest.TestExperiments" name="test_admin_experiments_requires_admin" time="0.102" /><testcase classname="tests.backend_test.TestProjectsCRUD" name="test_get_project" time="0.056" /><testcase classname="tests.backend_test.TestProjectsCRUD" name="test_list_projects_scoped_to_user" time="0.050" /><testcase classname="tests.test_phase1_ab_digest.TestDigest" name="test_config" time="0.084" /><testcase classname="tests.backend_test.TestProjectsCRUD" name="test_list_projects_unauthed" time="0.050" /><testcase classname="tests.backend_test.TestProjectsCRUD" name="test_get_other_users_project_404" time="0.065" /><testcase classname="tests.test_phase1_ab_digest.TestDigest" name="test_config_requires_admin" time="0.232" /><testcase classname="tests.backend_test.TestProjectsCRUD" name="test_delete_project" time="0.189" /><testcase classname="tests.test_phase1_ab_digest.TestDigest" name="test_preview_returns_model" time="0.088" /><testcase classname="tests.backend_test.TestAdmin" name="test_users_requires_admin" time="0.050" /><testcase classname="tests.backend_test.TestAdmin" name="test_stats_requires_admin" time="0.091" /><testcase classname="tests.test_phase1_ab_digest.TestDigest" name="test_preview_html" time="0.049" /><testcase classname="tests.test_phase1_ab_digest.TestDigest" name="test_send_now_returns_document" time="0.089" /><testcase classname="tests.backend_test.TestAdmin" name="test_admin_users_list" time="0.087" /><testcase classname="tests.test_phase1_ab_digest.TestDigest" name="test_list_requires_admin" time="0.075" /><testcase classname="tests.backend_test.TestAdmin" name="test_admin_stats" time="0.055" /><testcase classname="tests.backend_test.TestAdmin" name="test_admin_set_credits" time="0.313" /><testcase classname="tests.test_phase1.TestWaitlist" name="test_join_valid_email" time="0.099" /><testcase classname="tests.test_phase1.TestWaitlist" name="test_duplicate_returns_already_joined" time="0.046" /><testcase classname="tests.test_phase1.TestWaitlist" name="test_invalid_email_returns_400" time="0.042" /><testcase classname="tests.test_phase1.TestWaitlist" name="test_email_case_insensitive_and_trimmed" time="0.065" /><testcase classname="tests.backend_test.TestAuth" name="test_me_unauthenticated" time="0.111" /><testcase classname="tests.test_phase1.TestAnalytics" name="test_track_valid_event" time="0.143" /><testcase classname="tests.backend_test.TestAuth" name="test_me_with_bearer" time="0.063" /><testcase classname="tests.backend_test.TestAuth" name="test_me_bad_token" time="0.061" /><testcase classname="tests.test_phase1.TestAnalytics" name="test_track_invalid_event_empty" time="0.043" /><testcase classname="tests.test_phase1.TestAnalytics" name="test_track_invalid_event_too_long" time="0.041" /><testcase classname="tests.test_phase1.TestAdminWaitlist" name="test_requires_admin" time="0.076" /><testcase classname="tests.test_phase1.TestAnalytics" name="test_event_visible_in_admin_analytics" time="0.570" /><testcase classname="tests.test_phase1.TestAdminWaitlist" name="test_unauthenticated" time="0.043" /><testcase classname="tests.test_phase1.TestAdminWaitlist" name="test_admin_ok" time="0.050" /><testcase classname="tests.test_phase1.TestBillingStub" name="test_status_disabled" time="0.044" /><testcase classname="tests.test_phase1.TestBillingStub" name="test_checkout_501" time="0.044" /><testcase classname="tests.test_phase1.TestBillingStub" name="test_webhook_501" time="0.042" /><testcase classname="tests.test_phase1_demo.TestStaticMedia" name="test_demo_mp4_full_body" time="0.212" /><testcase classname="tests.test_phase1_demo.TestStaticMedia" name="test_demo_poster_jpg" time="0.055" /><testcase classname="tests.test_phase1_demo.TestStaticMedia" name="test_missing_media_404" time="0.045" /><testcase classname="tests.test_phase1.TestAdminAnalytics" name="test_requires_admin" time="0.045" /><testcase classname="tests.backend_test.TestHealth" name="test_root_api" time="0.058" /><testcase classname="tests.test_phase1.TestAdminAnalytics" name="test_unauthenticated" time="0.042" /><testcase classname="tests.backend_test.TestCredits" name="test_create_project_zero_credits_returns_402" time="0.099" /><testcase classname="tests.test_phase1.TestAdminAnalytics" name="test_admin_ok" time="0.053" /><testcase classname="tests.test_phase1.TestAdminStatsExtended" name="test_new_phase1_fields" time="0.049" /><testcase classname="tests.backend_test.TestPipeline" name="test_generate_end_to_end" time="35.684"><failure message="AssertionError: pipeline errored: Failed to generate multimodal completion: litellm.BadRequestError: OpenAIException - Budget has been exceeded! Current cost: 1.2220742500000001, Max budget: 1.16; stages seen: {'generating images', 'failed', 'writing script'}&#10;assert 'error' == 'ready'&#10;  &#10;  - ready&#10;  + error">backend/tests/backend_test.py:217: in test_generate_end_to_end
    assert final["status"] == "ready", f"pipeline errored: {final.get('error')}; stages seen: {stages_seen}"
E   AssertionError: pipeline errored: Failed to generate multimodal completion: litellm.BadRequestError: OpenAIException - Budget has been exceeded! Current cost: 1.2220742500000001, Max budget: 1.16; stages seen: {'generating images', 'failed', 'writing script'}
E   assert 'error' == 'ready'
E     
E     - ready
E     + error</failure></testcase><testcase classname="tests.test_phase1_ab_digest.TestScheduler" name="test_startup_log_present" time="0.000" /><testcase classname="tests.test_phase1_demo.TestAdminStatsPhase1" name="test_extra_phase1_counters" time="0.053" /><testcase classname="tests.test_phase1_ab_digest.TestAnalyticsVariant" name="test_track_accepts_variant_property" time="0.175" /></testsuite></testsuites>