<?xml version="1.0" encoding="utf-8"?><testsuites name="pytest tests"><testsuite name="pytest" errors="0" failures="0" skipped="1" tests="35" time="2.099" timestamp="2026-07-22T10:35:47.488340+00:00" hostname="agent-env-b14494e7-0f25-4ddd-abd0-caa1c62c4931"><testcase classname="tests.backend_test.TestAdmin" name="test_users_requires_admin" time="0.213" /><testcase classname="tests.backend_test.TestProjectsCRUD" name="test_create_project" time="0.215" /><testcase classname="tests.backend_test.TestAdmin" name="test_stats_requires_admin" time="0.044" /><testcase classname="tests.backend_test.TestProjectsCRUD" name="test_get_project" time="0.045" /><testcase classname="tests.backend_test.TestAdmin" name="test_admin_users_list" time="0.086" /><testcase classname="tests.backend_test.TestProjectsCRUD" name="test_list_projects_scoped_to_user" time="0.053" /><testcase classname="tests.backend_test.TestProjectsCRUD" name="test_list_projects_unauthed" time="0.041" /><testcase classname="tests.backend_test.TestAdmin" name="test_admin_stats" time="0.050" /><testcase classname="tests.backend_test.TestProjectsCRUD" name="test_get_other_users_project_404" time="0.047" /><testcase classname="tests.backend_test.TestAdmin" name="test_admin_set_credits" time="0.256" /><testcase classname="tests.backend_test.TestProjectsCRUD" name="test_delete_project" time="0.174" /><testcase classname="tests.test_phase1.TestAnalytics" name="test_track_valid_event" time="0.100" /><testcase classname="tests.test_phase1.TestWaitlist" name="test_join_valid_email" time="0.150" /><testcase classname="tests.test_phase1.TestAnalytics" name="test_track_invalid_event_empty" time="0.047" /><testcase classname="tests.test_phase1.TestAnalytics" name="test_track_invalid_event_too_long" time="0.046" /><testcase classname="tests.test_phase1.TestAnalytics" name="test_event_visible_in_admin_analytics" time="0.554" /><testcase classname="tests.test_phase1.TestWaitlist" name="test_duplicate_returns_already_joined" time="0.047" /><testcase classname="tests.test_phase1.TestWaitlist" name="test_invalid_email_returns_400" time="0.046" /><testcase classname="tests.test_phase1.TestWaitlist" name="test_email_case_insensitive_and_trimmed" time="0.044" /><testcase classname="tests.test_phase1.TestAdminWaitlist" name="test_requires_admin" time="0.049" /><testcase classname="tests.test_phase1.TestAdminWaitlist" name="test_unauthenticated" time="0.050" /><testcase classname="tests.test_phase1.TestAdminWaitlist" name="test_admin_ok" time="0.048" /><testcase classname="tests.test_phase1.TestAdminAnalytics" name="test_requires_admin" time="0.047" /><testcase classname="tests.test_phase1.TestAdminAnalytics" name="test_unauthenticated" time="0.045" /><testcase classname="tests.test_phase1.TestAdminAnalytics" name="test_admin_ok" time="0.048" /><testcase classname="tests.test_phase1.TestBillingStub" name="test_status_disabled" time="0.050" /><testcase classname="tests.test_phase1.TestBillingStub" name="test_checkout_501" time="0.090" /><testcase classname="tests.backend_test.TestAuth" name="test_me_unauthenticated" time="0.044" /><testcase classname="tests.backend_test.TestAuth" name="test_me_with_bearer" time="0.045" /><testcase classname="tests.test_phase1.TestBillingStub" name="test_webhook_501" time="0.088" /><testcase classname="tests.backend_test.TestAuth" name="test_me_bad_token" time="0.045" /><testcase classname="tests.backend_test.TestCredits" name="test_create_project_zero_credits_returns_402" time="0.046" /><testcase classname="tests.backend_test.TestHealth" name="test_root_api" time="0.046" /><testcase classname="tests.test_phase1.TestAdminStatsExtended" name="test_new_phase1_fields" time="0.073" /><testcase classname="tests.backend_test.TestPipeline" name="test_generate_end_to_end" time="0.002"><skipped type="pytest.skip" message="Set RUN_PIPELINE=1 to run long pipeline test (~60-180s)">/app/backend/tests/backend_test.py:183: Set RUN_PIPELINE=1 to run long pipeline test (~60-180s)</skipped></testcase></testsuite></testsuites>