<?xml version="1.0" encoding="utf-8"?><testsuites name="pytest tests"><testsuite name="pytest" errors="0" failures="0" skipped="0" tests="68" time="5.670" timestamp="2026-07-22T14:46:46.712774+00:00" hostname="agent-env-b14494e7-0f25-4ddd-abd0-caa1c62c4931"><testcase classname="tests.test_phase1_ab_digest.TestExperiments" name="test_landing_hero_returns_variant_and_content" time="0.260" /><testcase classname="tests.test_phase1_demo.TestPhase1Events" name="test_track_new_event[waitlist_button_click]" time="0.234" /><testcase classname="tests.test_phase1_demo.TestPhase1Events" name="test_track_new_event[demo_video_view]" time="0.063" /><testcase classname="tests.test_phase1_ab_digest.TestExperiments" name="test_deterministic_same_client_id_same_variant" time="0.366" /><testcase classname="tests.test_phase1_demo.TestPhase1Events" name="test_track_new_event[demo_video_impression]" time="0.063" /><testcase classname="tests.test_phase1_demo.TestPhase1Events" name="test_track_new_event[demo_video_completed]" time="0.063" /><testcase classname="tests.test_phase1_demo.TestPhase1Events" name="test_track_new_event[book_demo_click]" time="0.059" /><testcase classname="tests.test_phase1_demo.TestPhase1Events" name="test_track_new_event[book_demo_submit]" time="0.058" /><testcase classname="tests.test_phase1_demo.TestPhase1Events" name="test_track_new_event[book_demo_success]" time="0.060" /><testcase classname="tests.test_phase1_demo.TestPhase1Events" name="test_track_new_event[page_view]" time="0.066" /><testcase classname="tests.test_phase1_ab_digest.TestExperiments" name="test_both_variants_reachable" time="0.180" /><testcase classname="tests.test_phase1_demo.TestPhase1Events" name="test_conversion_by_source_reflects_events" time="0.860" /><testcase classname="tests.test_phase1_ab_digest.TestExperiments" name="test_known_client_ids_assignments" time="0.173" /><testcase classname="tests.test_phase1_ab_digest.TestExperiments" name="test_exposure_event_written" time="0.680" /><testcase classname="tests.test_phase1_ab_digest.TestDigest" name="test_config" time="0.266" /><testcase classname="tests.test_phase1_ab_digest.TestExperiments" name="test_admin_experiments_shape" time="0.049" /><testcase classname="tests.test_phase1_ab_digest.TestExperiments" name="test_admin_experiments_requires_admin" time="0.075" /><testcase classname="tests.test_csv_and_segments.TestAdminWaitlistListing" name="test_shape_contains_all_keys" time="0.117" /><testcase classname="tests.test_phase1_ab_digest.TestDigest" name="test_config_requires_admin" time="0.171" /><testcase classname="tests.test_csv_and_segments.TestAdminWaitlistListing" name="test_source_filter_returns_only_matching" time="0.169" /><testcase classname="tests.test_phase1_ab_digest.TestDigest" name="test_preview_returns_model" time="0.125" /><testcase classname="tests.test_csv_and_segments.TestAdminWaitlistListing" name="test_plan_and_q_filters" time="0.145" /><testcase classname="tests.test_phase1_ab_digest.TestDigest" name="test_preview_html" time="0.079" /><testcase classname="tests.test_phase1_ab_digest.TestDigest" name="test_send_now_returns_document" time="0.186" /><testcase classname="tests.test_csv_and_segments.TestAdminWaitlistListing" name="test_non_admin_returns_401_or_403" time="0.109" /><testcase classname="tests.test_phase1.TestWaitlist" name="test_join_valid_email" time="0.140" /><testcase classname="tests.test_phase1_ab_digest.TestDigest" name="test_list_requires_admin" time="0.049" /><testcase classname="tests.test_phase1.TestAnalytics" name="test_track_valid_event" time="0.098" /><testcase classname="tests.test_phase1.TestWaitlist" name="test_duplicate_returns_already_joined" time="0.056" /><testcase classname="tests.test_phase1.TestAnalytics" name="test_track_invalid_event_empty" time="0.086" /><testcase classname="tests.test_phase1.TestWaitlist" name="test_invalid_email_returns_400" time="0.045" /><testcase classname="tests.test_phase1.TestWaitlist" name="test_email_case_insensitive_and_trimmed" time="0.044" /><testcase classname="tests.test_phase1.TestAnalytics" name="test_track_invalid_event_too_long" time="0.088" /><testcase classname="tests.test_utm_links.TestUtmCreate" name="test_create_basic_returns_all_fields" time="0.212" /><testcase classname="tests.test_phase1.TestAnalytics" name="test_event_visible_in_admin_analytics" time="0.555" /><testcase classname="tests.test_utm_links.TestUtmCreate" name="test_create_preserves_existing_querystring" time="0.126" /><testcase classname="tests.test_utm_links.TestUtmCreate" name="test_create_missing_source_returns_400" time="0.056" /><testcase classname="tests.test_utm_links.TestUtmCreate" name="test_create_missing_source_key_returns_422" time="0.056" /><testcase classname="tests.test_csv_and_segments.TestUtmLinksCsvExport" name="test_csv_headers_and_filename" time="0.052" /><testcase classname="tests.test_csv_and_segments.TestUtmLinksCsvExport" name="test_csv_rows_match_json_endpoint" time="0.124" /><testcase classname="tests.test_csv_and_segments.TestWaitlistCsvExport" name="test_csv_default_headers_and_filename" time="0.152" /><testcase classname="tests.test_csv_and_segments.TestUtmLinksCsvExport" name="test_csv_non_admin_401" time="0.043" /><testcase classname="tests.test_phase1.TestAdminWaitlist" name="test_requires_admin" time="0.050" /><testcase classname="tests.test_phase1.TestAdminWaitlist" name="test_unauthenticated" time="0.087" /><testcase classname="tests.test_csv_and_segments.TestWaitlistCsvExport" name="test_csv_source_filter_filename_and_rows" time="0.229" /><testcase classname="tests.test_phase1.TestAdminWaitlist" name="test_admin_ok" time="0.046" /><testcase classname="tests.test_phase1.TestAdminAnalytics" name="test_requires_admin" time="0.046" /><testcase classname="tests.test_phase1.TestAdminAnalytics" name="test_unauthenticated" time="0.101" /><testcase classname="tests.test_phase1.TestAdminAnalytics" name="test_admin_ok" time="0.052" /><testcase classname="tests.test_csv_and_segments.TestWaitlistCsvExport" name="test_csv_non_admin_401" time="0.071" /><testcase classname="tests.test_phase1_demo.TestStaticMedia" name="test_demo_mp4_full_body" time="0.227" /><testcase classname="tests.test_phase1.TestBillingStub" name="test_status_disabled" time="0.046" /><testcase classname="tests.test_phase1.TestBillingStub" name="test_checkout_501" time="0.048" /><testcase classname="tests.test_phase1.TestBillingStub" name="test_webhook_501" time="0.046" /><testcase classname="tests.test_utm_links.TestAuthGuard" name="test_list_requires_admin" time="0.131" /><testcase classname="tests.test_phase1_demo.TestStaticMedia" name="test_demo_poster_jpg" time="0.148" /><testcase classname="tests.test_utm_links.TestAuthGuard" name="test_create_requires_admin" time="0.070" /><testcase classname="tests.test_utm_links.TestAuthGuard" name="test_delete_requires_admin" time="0.087" /><testcase classname="tests.test_phase1_demo.TestStaticMedia" name="test_missing_media_404" time="0.081" /><testcase classname="tests.test_utm_links.TestUtmList" name="test_list_shape_and_sort" time="0.557" /><testcase classname="tests.test_csv_and_segments.TestWaitlistAttribution" name="test_signup_with_attribution_persists_all_fields" time="0.095" /><testcase classname="tests.test_csv_and_segments.TestWaitlistAttribution" name="test_signup_without_source_defaults_to_direct" time="0.096" /><testcase classname="tests.test_phase1_ab_digest.TestAnalyticsVariant" name="test_track_accepts_variant_property" time="0.125" /><testcase classname="tests.test_phase1_ab_digest.TestScheduler" name="test_startup_log_present" time="0.001" /><testcase classname="tests.test_phase1_demo.TestAdminStatsPhase1" name="test_extra_phase1_counters" time="0.071" /><testcase classname="tests.test_utm_links.TestUtmStatsAggregation" name="test_events_roll_up_into_row_stats" time="0.633" /><testcase classname="tests.test_utm_links.TestUtmList" name="test_delete_removes_row" time="0.184" /><testcase classname="tests.test_phase1.TestAdminStatsExtended" name="test_new_phase1_fields" time="0.053" /></testsuite></testsuites>