<?xml version="1.0" encoding="utf-8"?><testsuites name="pytest tests"><testsuite name="pytest" errors="0" failures="0" skipped="0" tests="28" time="4.473" timestamp="2026-07-23T07:39:08.952797+00:00" hostname="agent-env-b14494e7-0f25-4ddd-abd0-caa1c62c4931"><testcase classname="tests.test_iter15_prod_readiness.TestHealth" name="test_health_200_and_shape" time="0.139" /><testcase classname="tests.test_iter15_prod_readiness.TestHealth" name="test_health_request_id_matches_header" time="0.096" /><testcase classname="tests.test_iter15_prod_readiness.TestHealth" name="test_health_is_public_no_auth" time="0.099" /><testcase classname="tests.test_iter15_prod_readiness.TestRequestIdMiddleware" name="test_generated_when_not_supplied" time="0.096" /><testcase classname="tests.test_iter15_prod_readiness.TestRequestIdMiddleware" name="test_echoed_when_supplied" time="0.106" /><testcase classname="tests.test_iter15_prod_readiness.TestRequestIdMiddleware" name="test_present_on_errors_too" time="0.100" /><testcase classname="tests.test_iter15_prod_readiness.TestRateLimitHelperUnit" name="test_waitlist_5_per_hour_limit" time="1.524" /><testcase classname="tests.test_iter15_prod_readiness.TestRateLimitHelperUnit" name="test_analytics_300_per_minute_limit" time="0.002" /><testcase classname="tests.test_iter15_prod_readiness.TestRateLimitHelperUnit" name="test_per_ip_isolation" time="0.000" /><testcase classname="tests.test_iter15_prod_readiness.TestRateLimitHelperUnit" name="test_per_bucket_isolation" time="0.000" /><testcase classname="tests.test_iter15_prod_readiness.TestWaitlistLiveRateLimit" name="test_waitlist_returns_429_after_5" time="0.294" /><testcase classname="tests.test_iter15_prod_readiness.TestRegression" name="test_formats_public" time="0.094" /><testcase classname="tests.test_iter15_prod_readiness.TestRegression" name="test_admin_stats" time="0.104" /><testcase classname="tests.test_iter15_prod_readiness.TestRegression" name="test_admin_attribution_matrix" time="0.114" /><testcase classname="tests.test_iter15_prod_readiness.TestRegression" name="test_admin_attribution_matrix_csv" time="0.100" /><testcase classname="tests.test_iter15_prod_readiness.TestRegression" name="test_admin_sanity" time="0.103" /><testcase classname="tests.test_iter15_prod_readiness.TestRegression" name="test_admin_sanity_untagged" time="0.099" /><testcase classname="tests.test_iter15_prod_readiness.TestRegression" name="test_admin_waitlist" time="0.104" /><testcase classname="tests.test_iter15_prod_readiness.TestRegression" name="test_admin_waitlist_csv" time="0.110" /><testcase classname="tests.test_iter15_prod_readiness.TestRegression" name="test_admin_utm_links" time="0.104" /><testcase classname="tests.test_iter15_prod_readiness.TestRegression" name="test_short_link_404_for_unknown" time="0.094" /><testcase classname="tests.test_iter15_prod_readiness.TestRegression" name="test_experiment_assign" time="0.103" /><testcase classname="tests.test_iter15_prod_readiness.TestRegression" name="test_auth_session_invalid" time="0.181" /><testcase classname="tests.test_iter15_prod_readiness.TestRegression" name="test_projects_unauthed" time="0.094" /><testcase classname="tests.test_iter15_prod_readiness.TestFrontendMetaTags" name="test_title_updated" time="0.098" /><testcase classname="tests.test_iter15_prod_readiness.TestFrontendMetaTags" name="test_open_graph_tags" time="0.096" /><testcase classname="tests.test_iter15_prod_readiness.TestFrontendMetaTags" name="test_twitter_tags" time="0.092" /><testcase classname="tests.test_iter15_prod_readiness.TestFrontendMetaTags" name="test_description_meta" time="0.092" /></testsuite></testsuites>