<?xml version="1.0" encoding="utf-8"?><testsuites name="pytest tests"><testsuite name="pytest" errors="0" failures="0" skipped="0" tests="13" time="2.668" timestamp="2026-07-23T10:53:15.383672+00:00" hostname="agent-env-b14494e7-0f25-4ddd-abd0-caa1c62c4931"><testcase classname="tests.test_iter25_paywall_rename_duplicate.TestStructured402" name="test_free_user_talking_head_returns_structured_402" time="0.515" /><testcase classname="tests.test_iter25_paywall_rename_duplicate.TestStructured402" name="test_free_user_insufficient_credits_structured_402" time="0.042" /><testcase classname="tests.test_iter25_paywall_rename_duplicate.TestRename" name="test_rename_project_in_draft" time="0.547" /><testcase classname="tests.test_iter25_paywall_rename_duplicate.TestRename" name="test_rename_project_any_status" time="0.175" /><testcase classname="tests.test_iter25_paywall_rename_duplicate.TestRename" name="test_rename_empty_title_400" time="0.171" /><testcase classname="tests.test_iter25_paywall_rename_duplicate.TestRename" name="test_rename_too_long_400" time="0.132" /><testcase classname="tests.test_iter25_paywall_rename_duplicate.TestRename" name="test_rename_unknown_project_404" time="0.044" /><testcase classname="tests.test_iter25_paywall_rename_duplicate.TestRename" name="test_rename_wrong_user_404" time="0.137" /><testcase classname="tests.test_iter25_paywall_rename_duplicate.TestDuplicate" name="test_duplicate_project_copies_fields" time="0.341" /><testcase classname="tests.test_iter25_paywall_rename_duplicate.TestDuplicate" name="test_duplicate_talking_head_by_free_user_returns_402" time="0.180" /><testcase classname="tests.test_iter25_paywall_rename_duplicate.TestDuplicate" name="test_duplicate_insufficient_credits_returns_402" time="0.212" /><testcase classname="tests.test_iter25_paywall_rename_duplicate.TestDuplicate" name="test_duplicate_unknown_project_404" time="0.045" /><testcase classname="tests.test_iter25_paywall_rename_duplicate" name="test_zzz_restore_pro_user" time="0.005" /></testsuite></testsuites>