<?xml version="1.0" encoding="utf-8"?><testsuites name="pytest tests"><testsuite name="pytest" errors="0" failures="0" skipped="0" tests="16" time="3.803" timestamp="2026-07-22T15:11:02.621047+00:00" hostname="agent-env-b14494e7-0f25-4ddd-abd0-caa1c62c4931"><testcase classname="tests.test_phase8_chips_and_short.TestWaitlistFacets" name="test_unfiltered_facets_present" time="0.274" /><testcase classname="tests.test_phase8_chips_and_short.TestWaitlistFacets" name="test_by_variant_contains_unassigned_bucket" time="0.118" /><testcase classname="tests.test_phase8_chips_and_short.TestWaitlistFacets" name="test_variant_filter_B" time="0.195" /><testcase classname="tests.test_phase8_chips_and_short.TestWaitlistFacets" name="test_variant_filter_unassigned_matches_null_or_missing" time="0.101" /><testcase classname="tests.test_phase8_chips_and_short.TestWaitlistFacets" name="test_combined_source_and_variant_AND" time="0.282" /><testcase classname="tests.test_phase8_chips_and_short.TestWaitlistFacets" name="test_combined_source_direct_and_variant_unassigned" time="0.119" /><testcase classname="tests.test_phase8_chips_and_short.TestWaitlistFacets" name="test_unauth_401" time="0.137" /><testcase classname="tests.test_phase8_chips_and_short.TestWaitlistCsv" name="test_csv_unauth_401" time="0.100" /><testcase classname="tests.test_phase8_chips_and_short.TestWaitlistCsv" name="test_csv_filename_encodes_filters" time="0.164" /><testcase classname="tests.test_phase8_chips_and_short.TestWaitlistCsv" name="test_csv_body_respects_variant_filter" time="0.102" /><testcase classname="tests.test_phase8_chips_and_short.TestUtmSlug" name="test_create_with_explicit_slug" time="0.219" /><testcase classname="tests.test_phase8_chips_and_short.TestUtmSlug" name="test_auto_slug_from_name" time="0.243" /><testcase classname="tests.test_phase8_chips_and_short.TestUtmSlug" name="test_duplicate_slug_gets_suffix" time="0.512" /><testcase classname="tests.test_phase8_chips_and_short.TestShortResolver" name="test_unknown_slug_returns_404" time="0.105" /><testcase classname="tests.test_phase8_chips_and_short.TestShortResolver" name="test_known_slug_returns_target_and_logs_event" time="0.957" /><testcase classname="tests.test_phase8_chips_and_short.TestShortResolver" name="test_prewired_beta_post_1" time="0.100" /></testsuite></testsuites>