<?xml version="1.0" encoding="utf-8"?><testsuites name="pytest tests"><testsuite name="pytest" errors="0" failures="0" skipped="0" tests="22" time="3.326" timestamp="2026-07-22T16:38:49.861093+00:00" hostname="agent-env-b14494e7-0f25-4ddd-abd0-caa1c62c4931"><testcase classname="tests.test_iter12_untagged_and_regression.TestUntaggedLimitClamp" name="test_limit_zero_clamps_to_1" time="0.265" /><testcase classname="tests.test_iter12_untagged_and_regression.TestUntaggedLimitClamp" name="test_limit_negative_clamps_to_1" time="0.138" /><testcase classname="tests.test_iter12_untagged_and_regression.TestUntaggedShape" name="test_top_level_keys" time="0.317" /><testcase classname="tests.test_iter12_untagged_and_regression.TestUntaggedShape" name="test_types" time="0.000" /><testcase classname="tests.test_iter12_untagged_and_regression.TestUntaggedShape" name="test_session_row_shape" time="0.000" /><testcase classname="tests.test_iter12_untagged_and_regression.TestUntaggedShape" name="test_top_arrays_capped_at_15" time="0.000" /><testcase classname="tests.test_iter12_untagged_and_regression.TestUntaggedShape" name="test_top_arrays_sorted_desc" time="0.000" /><testcase classname="tests.test_iter12_untagged_and_regression.TestUntaggedShape" name="test_returned_le_limit" time="0.000" /><testcase classname="tests.test_iter12_untagged_and_regression.TestUntaggedLimitClamp" name="test_limit_huge_clamps_to_500" time="0.229" /><testcase classname="tests.test_iter12_untagged_and_regression.TestUntaggedAuth" name="test_anon_denied" time="0.154" /><testcase classname="tests.test_iter12_untagged_and_regression.TestUntaggedSeededHosts" name="test_seeded_hosts_appear" time="0.567" /><testcase classname="tests.test_iter12_untagged_and_regression.TestUntaggedAuth" name="test_admin_ok" time="0.196" /><testcase classname="tests.test_iter12_untagged_and_regression.TestUntaggedSeededHosts" name="test_only_page_view_missing_source_counted" time="1.511" /><testcase classname="tests.test_iter12_untagged_and_regression.TestAttributionMatrixRegression" name="test_admin_ok" time="0.198" /><testcase classname="tests.test_iter12_untagged_and_regression.TestFormatsRegression" name="test_landscape_and_vertical" time="0.145" /><testcase classname="tests.test_iter12_untagged_and_regression.TestExperimentsRegression" name="test_admin_ok" time="0.145" /><testcase classname="tests.test_iter12_untagged_and_regression.TestUtmLinksRegression" name="test_admin_ok" time="0.123" /><testcase classname="tests.test_iter12_untagged_and_regression.TestShortLinkRegression" name="test_short_slug" time="0.162" /><testcase classname="tests.test_iter12_untagged_and_regression.TestAnalyticsTrackRegression" name="test_track_ok" time="0.139" /><testcase classname="tests.test_iter12_untagged_and_regression.TestWaitlistReferralAttribution" name="test_referral_signup_recorded" time="0.910" /><testcase classname="tests.test_iter12_untagged_and_regression.TestSanityRegression" name="test_admin_ok_shape" time="0.184" /><testcase classname="tests.test_iter12_untagged_and_regression.TestWaitlistRegression" name="test_admin_ok" time="0.141" /></testsuite></testsuites>