<?xml version="1.0" encoding="utf-8"?><testsuites name="pytest tests"><testsuite name="pytest" errors="0" failures="2" skipped="0" tests="14" time="5.232" timestamp="2026-07-23T09:05:59.408794+00:00" hostname="agent-env-b14494e7-0f25-4ddd-abd0-caa1c62c4931"><testcase classname="tests.test_iter19_password_auth.TestRegister" name="test_register_email_creates_user_with_3_credits_and_cookie" time="0.767" /><testcase classname="tests.test_iter19_password_auth.TestLogin" name="test_login_success_sets_cookie_and_me_returns_user" time="1.335" /><testcase classname="tests.test_iter19_password_auth.TestRegister" name="test_register_with_mobile_identifier" time="0.524" /><testcase classname="tests.test_iter19_password_auth.TestRegister" name="test_register_duplicate_email_returns_409" time="0.671" /><testcase classname="tests.test_iter19_password_auth.TestLogin" name="test_login_wrong_password_401" time="0.853" /><testcase classname="tests.test_iter19_password_auth.TestRegister" name="test_register_short_password_400" time="0.223" /><testcase classname="tests.test_iter19_password_auth.TestLogin" name="test_login_unknown_identifier_401" time="0.099" /><testcase classname="tests.test_iter19_password_auth.TestRegister" name="test_register_invalid_identifier_400" time="0.096" /><testcase classname="tests.test_iter19_password_auth.TestSetPassword" name="test_set_password_attaches_and_login_works" time="1.484" /><testcase classname="tests.test_iter19_password_auth.TestLogin" name="test_brute_force_lockout_after_5_failures" time="2.334" /><testcase classname="tests.test_iter19_password_auth.TestSetPassword" name="test_set_password_short_400" time="0.346"><failure message="assert 401 == 400&#10; +  where 401 = &lt;Response [401]&gt;.status_code">backend/tests/test_iter19_password_auth.py:207: in test_set_password_short_400
    assert r.status_code == 400
E   assert 401 == 400
E    +  where 401 = &lt;Response [401]&gt;.status_code</failure></testcase><testcase classname="tests.test_iter19_password_auth.TestLogout" name="test_logout_clears_session" time="0.173"><failure message="assert 429 == 200&#10; +  where 429 = &lt;Response [429]&gt;.status_code">backend/tests/test_iter19_password_auth.py:170: in test_logout_clears_session
    assert r.status_code == 200
E   assert 429 == 200
E    +  where 429 = &lt;Response [429]&gt;.status_code</failure></testcase><testcase classname="tests.test_iter19_password_auth.TestGoogleAuthRegression" name="test_auth_session_rejects_invalid_session_id" time="0.198" /><testcase classname="tests.test_iter19_password_auth.TestGoogleAuthRegression" name="test_auth_me_without_cookie_401" time="0.095" /></testsuite></testsuites>