<?xml version="1.0" encoding="utf-8"?><testsuites name="pytest tests"><testsuite name="pytest" errors="0" failures="0" skipped="0" tests="23" time="2.076" timestamp="2026-07-22T16:53:02.255724+00:00" hostname="agent-env-b14494e7-0f25-4ddd-abd0-caa1c62c4931"><testcase classname="tests.test_iter13_matrix_csv.TestPriorRegressionSpot" name="test_sanity" time="0.154" /><testcase classname="tests.test_iter13_matrix_csv.TestPriorRegressionSpot" name="test_sanity_untagged" time="0.124" /><testcase classname="tests.test_iter13_matrix_csv.TestPriorRegressionSpot" name="test_attribution_matrix_json" time="0.139" /><testcase classname="tests.test_iter13_matrix_csv.TestMatrixCsvBody" name="test_header_row" time="0.317" /><testcase classname="tests.test_iter13_matrix_csv.TestMatrixCsvBody" name="test_total_line_count" time="0.000" /><testcase classname="tests.test_iter13_matrix_csv.TestMatrixCsvBody" name="test_grand_total_last_row" time="0.000" /><testcase classname="tests.test_iter13_matrix_csv.TestMatrixCsvBody" name="test_col_totals_block_before_grand" time="0.000" /><testcase classname="tests.test_iter13_matrix_csv.TestPriorRegressionSpot" name="test_waitlist_csv" time="0.105" /><testcase classname="tests.test_iter13_matrix_csv.TestPriorRegressionSpot" name="test_utm_links_csv" time="0.151" /><testcase classname="tests.test_iter13_matrix_csv.TestMatrixCsvRoundTrip" name="test_every_cell_matches_json" time="0.307" /><testcase classname="tests.test_iter13_matrix_csv.TestMatrixCsvRoundTrip" name="test_every_row_total_matches_json" time="0.000" /><testcase classname="tests.test_iter13_matrix_csv.TestMatrixCsvRoundTrip" name="test_every_col_total_matches_json" time="0.000" /><testcase classname="tests.test_iter13_matrix_csv.TestMatrixCsvRoundTrip" name="test_grand_total_matches_json" time="0.000" /><testcase classname="tests.test_iter13_matrix_csv.TestPriorRegressionSpot" name="test_formats" time="0.150" /><testcase classname="tests.test_iter13_matrix_csv.TestMatrixCsvHeaders" name="test_content_type_csv" time="0.112" /><testcase classname="tests.test_iter13_matrix_csv.TestMatrixCsvHeaders" name="test_content_disposition_attachment" time="0.000" /><testcase classname="tests.test_iter13_matrix_csv.TestMatrixCsvHeaders" name="test_body_non_empty" time="0.000" /><testcase classname="tests.test_iter13_matrix_csv.TestMatrixCsvAuth" name="test_anon_denied" time="0.152" /><testcase classname="tests.test_iter13_matrix_csv.TestPriorRegressionSpot" name="test_waitlist_list" time="0.108" /><testcase classname="tests.test_iter13_matrix_csv.TestMatrixCsvAuth" name="test_admin_ok" time="0.115" /><testcase classname="tests.test_iter13_matrix_csv.TestPriorRegressionSpot" name="test_experiments" time="0.142" /><testcase classname="tests.test_iter13_matrix_csv.TestPriorRegressionSpot" name="test_short_link" time="0.403" /><testcase classname="tests.test_iter13_matrix_csv.TestPriorRegressionSpot" name="test_analytics_track" time="0.117" /></testsuite></testsuites>