<?xml version="1.0" encoding="utf-8"?><testsuites name="pytest tests"><testsuite name="pytest" errors="0" failures="6" skipped="1" tests="100" time="8.247" timestamp="2026-07-23T05:44:52.800050+00:00" hostname="agent-env-b14494e7-0f25-4ddd-abd0-caa1c62c4931"><testcase classname="tests.test_iter13_matrix_csv.TestPriorRegressionSpot" name="test_sanity" time="0.136" /><testcase classname="tests.test_iter13_matrix_csv.TestPriorRegressionSpot" name="test_sanity_untagged" time="0.102" /><testcase classname="tests.test_iter13_matrix_csv.TestPriorRegressionSpot" name="test_attribution_matrix_json" time="0.098" /><testcase classname="tests.test_iter13_matrix_csv.TestPriorRegressionSpot" name="test_waitlist_csv" time="0.107" /><testcase classname="tests.test_iter9_formats_and_attribution.TestAttributionMatrix" name="test_requires_admin_no_cookie" time="0.481" /><testcase classname="tests.test_iter13_matrix_csv.TestPriorRegressionSpot" name="test_utm_links_csv" time="0.116" /><testcase classname="tests.test_iter9_formats_and_attribution.TestAttributionMatrix" name="test_requires_admin_non_admin" time="0.151" /><testcase classname="tests.test_iter13_matrix_csv.TestPriorRegressionSpot" name="test_formats" time="0.107" /><testcase classname="tests.test_iter9_formats_and_attribution.TestAttributionMatrix" name="test_matrix_shape" time="0.145" /><testcase classname="tests.test_iter13_matrix_csv.TestPriorRegressionSpot" name="test_waitlist_list" time="0.107" /><testcase classname="tests.test_iter13_matrix_csv.TestPriorRegressionSpot" name="test_experiments" time="0.098" /><testcase classname="tests.test_iter9_formats_and_attribution.TestAttributionMatrix" name="test_cell_order_matches_variants" time="0.103" /><testcase classname="tests.test_iter13_matrix_csv.TestPriorRegressionSpot" name="test_short_link" time="0.390" /><testcase classname="tests.test_iter9_formats_and_attribution.TestAttributionMatrix" name="test_row_totals_equal_sum_of_cells" time="0.105" /><testcase classname="tests.test_iter9_formats_and_attribution.TestAttributionMatrix" name="test_col_totals_sum_equals_grand" time="0.103" /><testcase classname="tests.test_iter9_formats_and_attribution.TestAttributionMatrix" name="test_conversion_pct_math" time="0.097" /><testcase classname="tests.test_iter9_formats_and_attribution.TestAttributionMatrix" name="test_seed_visible" time="0.098" /><testcase classname="tests.test_iter13_matrix_csv.TestPriorRegressionSpot" name="test_analytics_track" time="0.098" /><testcase classname="tests.test_iter9_formats_and_attribution.TestRegression" name="test_waitlist_admin_get" time="0.102" /><testcase classname="tests.test_iter12_untagged_and_regression.TestUntaggedShape" name="test_top_level_keys" time="0.097" /><testcase classname="tests.test_iter12_untagged_and_regression.TestUntaggedShape" name="test_types" time="0.000" /><testcase classname="tests.test_iter12_untagged_and_regression.TestUntaggedShape" name="test_session_row_shape" time="0.000" /><testcase classname="tests.test_iter12_untagged_and_regression.TestUntaggedShape" name="test_top_arrays_capped_at_15" time="0.000" /><testcase classname="tests.test_iter12_untagged_and_regression.TestUntaggedShape" name="test_top_arrays_sorted_desc" time="0.000" /><testcase classname="tests.test_iter12_untagged_and_regression.TestUntaggedShape" name="test_returned_le_limit" time="0.000" /><testcase classname="tests.test_iter9_formats_and_attribution.TestRegression" name="test_admin_experiments" time="0.099" /><testcase classname="tests.test_iter11_sanity_and_regression.TestSanityShape" name="test_top_level_keys" time="0.142" /><testcase classname="tests.test_iter11_sanity_and_regression.TestSanityShape" name="test_orphan_shape" time="0.000" /><testcase classname="tests.test_iter11_sanity_and_regression.TestSanityShape" name="test_unattributed_shape_and_pct_math" time="0.000" /><testcase classname="tests.test_iter11_sanity_and_regression.TestSanityShape" name="test_duplicates_shape" time="0.000" /><testcase classname="tests.test_iter11_sanity_and_regression.TestSanityShape" name="test_totals_shape" time="0.000" /><testcase classname="tests.test_iter10_ffmpeg_and_video_missing.TestFFmpegInstalled" name="test_ffmpeg_on_path" time="0.001"><failure message="AssertionError: ffmpeg binary must be present on PATH&#10;assert None is not None">test_iter10_ffmpeg_and_video_missing.py:33: in test_ffmpeg_on_path
    assert p is not None, "ffmpeg binary must be present on PATH"
E   AssertionError: ffmpeg binary must be present on PATH
E   assert None is not None</failure></testcase><testcase classname="tests.test_iter10_ffmpeg_and_video_missing.TestFFmpegInstalled" name="test_ffprobe_on_path" time="0.001"><failure message="AssertionError: ffprobe binary must be present on PATH&#10;assert None is not None">test_iter10_ffmpeg_and_video_missing.py:38: in test_ffprobe_on_path
    assert p is not None, "ffprobe binary must be present on PATH"
E   AssertionError: ffprobe binary must be present on PATH
E   assert None is not None</failure></testcase><testcase classname="tests.test_iter10_ffmpeg_and_video_missing.TestFFmpegInstalled" name="test_ffmpeg_version_runs" time="0.001"><failure message="FileNotFoundError: [Errno 2] No such file or directory: 'ffmpeg'">test_iter10_ffmpeg_and_video_missing.py:42: in test_ffmpeg_version_runs
    r = subprocess.run(["ffmpeg", "-version"], capture_output=True, text=True, timeout=10)
        ^^^^^^^^^^^^^^^^^^^^^^^^^^^^^^^^^^^^^^^^^^^^^^^^^^^^^^^^^^^^^^^^^^^^^^^^^^^^^^^^^^
/usr/local/lib/python3.11/subprocess.py:548: in run
    with Popen(*popenargs, **kwargs) as process:
         ^^^^^^^^^^^^^^^^^^^^^^^^^^^
/usr/local/lib/python3.11/subprocess.py:1026: in __init__
    self._execute_child(args, executable, preexec_fn, close_fds,
/usr/local/lib/python3.11/subprocess.py:1955: in _execute_child
    raise child_exception_type(errno_num, err_msg, err_filename)
E   FileNotFoundError: [Errno 2] No such file or directory: 'ffmpeg'</failure></testcase><testcase classname="tests.test_iter9_formats_and_attribution.TestRegression" name="test_analytics_track" time="0.121" /><testcase classname="tests.test_iter10_ffmpeg_and_video_missing.TestFFmpegInstalled" name="test_ffprobe_version_runs" time="0.001"><failure message="FileNotFoundError: [Errno 2] No such file or directory: 'ffprobe'">test_iter10_ffmpeg_and_video_missing.py:47: in test_ffprobe_version_runs
    r = subprocess.run(["ffprobe", "-version"], capture_output=True, text=True, timeout=10)
        ^^^^^^^^^^^^^^^^^^^^^^^^^^^^^^^^^^^^^^^^^^^^^^^^^^^^^^^^^^^^^^^^^^^^^^^^^^^^^^^^^^^
/usr/local/lib/python3.11/subprocess.py:548: in run
    with Popen(*popenargs, **kwargs) as process:
         ^^^^^^^^^^^^^^^^^^^^^^^^^^^
/usr/local/lib/python3.11/subprocess.py:1026: in __init__
    self._execute_child(args, executable, preexec_fn, close_fds,
/usr/local/lib/python3.11/subprocess.py:1955: in _execute_child
    raise child_exception_type(errno_num, err_msg, err_filename)
E   FileNotFoundError: [Errno 2] No such file or directory: 'ffprobe'</failure></testcase><testcase classname="tests.test_iter10_ffmpeg_and_video_missing.TestFFmpegInstalled" name="test_dejavu_font_present" time="0.126"><failure message="AssertionError: DejaVu font family must be installed&#10;assert 'dejavu' in '/usr/share/fonts/x11/type1/c0649bt_.pfb: bitstream charter:style=italic\n/usr/share/fonts/truetype/freefont/freesansb...fet,pogrubiony,negrito,gros,полужирный,fet,kalın,huruf tebal,жирний,polkrepko,treknraksts,pusjuodis,đậm,lodia,धृष्ट\n'&#10; +  where '/usr/share/fonts/x11/type1/c0649bt_.pfb: bitstream charter:style=italic\n/usr/share/fonts/truetype/freefont/freesansb...fet,pogrubiony,negrito,gros,полужирный,fet,kalın,huruf tebal,жирний,polkrepko,treknraksts,pusjuodis,đậm,lodia,धृष्ट\n' = &lt;built-in method lower of str object at 0xb22893efc9b0&gt;()&#10; +    where &lt;built-in method lower of str object at 0xb22893efc9b0&gt; = '/usr/share/fonts/X11/Type1/c0649bt_.pfb: Bitstream Charter:style=Italic\n/usr/share/fonts/truetype/freefont/FreeSansB...fet,Pogrubiony,Negrito,gros,Полужирный,Fet,Kalın,huruf tebal,жирний,polkrepko,treknraksts,pusjuodis,đậm,Lodia,धृष्ट\n'.lower&#10; +      where '/usr/share/fonts/X11/Type1/c0649bt_.pfb: Bitstream Charter:style=Italic\n/usr/share/fonts/truetype/freefont/FreeSansB...fet,Pogrubiony,Negrito,gros,Полужирный,Fet,Kalın,huruf tebal,жирний,polkrepko,treknraksts,pusjuodis,đậm,Lodia,धृष्ट\n' = CompletedProcess(args=['fc-list'], returncode=0, stdout='/usr/share/fonts/X11/Type1/c0649bt_.pfb: Bitstream Charter:st...ny,Negrito,gros,Полужирный,Fet,Kalın,huruf tebal,жирний,polkrepko,treknraksts,pusjuodis,đậm,Lodia,धृष्ट\n', stderr='').stdout">test_iter10_ffmpeg_and_video_missing.py:55: in test_dejavu_font_present
    assert "dejavu" in result.stdout.lower(), "DejaVu font family must be installed"
E   AssertionError: DejaVu font family must be installed
E   assert 'dejavu' in '/usr/share/fonts/x11/type1/c0649bt_.pfb: bitstream charter:style=italic\n/usr/share/fonts/truetype/freefont/freesansb...fet,pogrubiony,negrito,gros,полужирный,fet,kalın,huruf tebal,жирний,polkrepko,treknraksts,pusjuodis,đậm,lodia,धृष्ट\n'
E    +  where '/usr/share/fonts/x11/type1/c0649bt_.pfb: bitstream charter:style=italic\n/usr/share/fonts/truetype/freefont/freesansb...fet,pogrubiony,negrito,gros,полужирный,fet,kalın,huruf tebal,жирний,polkrepko,treknraksts,pusjuodis,đậm,lodia,धृष्ट\n' = &lt;built-in method lower of str object at 0xb22893efc9b0&gt;()
E    +    where &lt;built-in method lower of str object at 0xb22893efc9b0&gt; = '/usr/share/fonts/X11/Type1/c0649bt_.pfb: Bitstream Charter:style=Italic\n/usr/share/fonts/truetype/freefont/FreeSansB...fet,Pogrubiony,Negrito,gros,Полужирный,Fet,Kalın,huruf tebal,жирний,polkrepko,treknraksts,pusjuodis,đậm,Lodia,धृष्ट\n'.lower
E    +      where '/usr/share/fonts/X11/Type1/c0649bt_.pfb: Bitstream Charter:style=Italic\n/usr/share/fonts/truetype/freefont/FreeSansB...fet,Pogrubiony,Negrito,gros,Полужирный,Fet,Kalın,huruf tebal,жирний,polkrepko,treknraksts,pusjuodis,đậm,Lodia,धृष्ट\n' = CompletedProcess(args=['fc-list'], returncode=0, stdout='/usr/share/fonts/X11/Type1/c0649bt_.pfb: Bitstream Charter:st...ny,Negrito,gros,Полужирный,Fet,Kalın,huruf tebal,жирний,polkrepko,treknraksts,pusjuodis,đậm,Lodia,धृष्ट\n', stderr='').stdout</failure></testcase><testcase classname="tests.test_iter9_formats_and_attribution.TestRegression" name="test_short_link_prewired" time="0.172" /><testcase classname="tests.test_iter9_formats_and_attribution.TestRegression" name="test_admin_utm_links" time="0.102" /><testcase classname="tests.test_iter13_matrix_csv.TestMatrixCsvBody" name="test_header_row" time="0.192" /><testcase classname="tests.test_iter13_matrix_csv.TestMatrixCsvBody" name="test_total_line_count" time="0.000" /><testcase classname="tests.test_iter13_matrix_csv.TestMatrixCsvBody" name="test_grand_total_last_row" time="0.000" /><testcase classname="tests.test_iter13_matrix_csv.TestMatrixCsvBody" name="test_col_totals_block_before_grand" time="0.000" /><testcase classname="tests.test_iter9_formats_and_attribution.TestRegression" name="test_admin_stats" time="0.108" /><testcase classname="tests.test_iter9_formats_and_attribution.TestRegression" name="test_admin_analytics" time="0.104" /><testcase classname="tests.test_iter13_matrix_csv.TestMatrixCsvRoundTrip" name="test_every_cell_matches_json" time="0.208" /><testcase classname="tests.test_iter13_matrix_csv.TestMatrixCsvRoundTrip" name="test_every_row_total_matches_json" time="0.000" /><testcase classname="tests.test_iter13_matrix_csv.TestMatrixCsvRoundTrip" name="test_every_col_total_matches_json" time="0.000" /><testcase classname="tests.test_iter13_matrix_csv.TestMatrixCsvRoundTrip" name="test_grand_total_matches_json" time="0.000" /><testcase classname="tests.test_iter9_formats_and_attribution.TestRegression" name="test_admin_digest_list" time="0.099" /><testcase classname="tests.test_iter13_matrix_csv.TestMatrixCsvHeaders" name="test_content_type_csv" time="0.096" /><testcase classname="tests.test_iter13_matrix_csv.TestMatrixCsvHeaders" name="test_content_disposition_attachment" time="0.000" /><testcase classname="tests.test_iter13_matrix_csv.TestMatrixCsvHeaders" name="test_body_non_empty" time="0.000" /><testcase classname="tests.test_iter12_untagged_and_regression.TestUntaggedLimitClamp" name="test_limit_zero_clamps_to_1" time="0.099" /><testcase classname="tests.test_iter9_formats_and_attribution.TestProjectVideoUrls" name="test_project_returns_both_urls" time="0.102" /><testcase classname="tests.test_iter12_untagged_and_regression.TestUntaggedLimitClamp" name="test_limit_negative_clamps_to_1" time="0.097" /><testcase classname="tests.test_iter9_formats_and_attribution.TestProjectVideoUrls" name="test_static_serving_landscape" time="0.135" /><testcase classname="tests.test_iter12_untagged_and_regression.TestUntaggedLimitClamp" name="test_limit_huge_clamps_to_500" time="0.106" /><testcase classname="tests.test_iter9_formats_and_attribution.TestProjectVideoUrls" name="test_static_serving_vertical" time="0.149" /><testcase classname="tests.test_iter11_sanity_and_regression.TestWaitlistFiltersRegression" name="test_anon_denied" time="0.097" /><testcase classname="tests.test_iter9_formats_and_attribution.TestProjectVideoUrls" name="test_ffprobe_resolutions" time="0.002"><skipped type="pytest.skip" message="ffprobe not installed in preview container — ENV blocker">/app/backend/tests/test_iter9_formats_and_attribution.py:168: ffprobe not installed in preview container — ENV blocker</skipped></testcase><testcase classname="tests.test_iter10_ffmpeg_and_video_missing.TestFormatsRegression" name="test_formats_still_returns_landscape_and_vertical" time="0.126" /><testcase classname="tests.test_iter11_sanity_and_regression.TestWaitlistFiltersRegression" name="test_admin_no_filter" time="0.165" /><testcase classname="tests.test_iter10_ffmpeg_and_video_missing.TestFormatsRegression" name="test_landscape_is_default" time="0.136" /><testcase classname="tests.test_iter11_sanity_and_regression.TestWaitlistFiltersRegression" name="test_source_filter" time="0.097" /><testcase classname="tests.test_iter10_ffmpeg_and_video_missing.TestFormatsRegression" name="test_vertical_spec_intact" time="0.129" /><testcase classname="tests.test_iter10_ffmpeg_and_video_missing.TestAttributionMatrixRegression" name="test_anon_denied" time="0.125" /><testcase classname="tests.test_iter9_formats_and_attribution.TestFormats" name="test_formats_shape" time="0.093" /><testcase classname="tests.test_iter10_ffmpeg_and_video_missing.TestAttributionMatrixRegression" name="test_admin_gets_matrix" time="0.099" /><testcase classname="tests.test_iter9_formats_and_attribution.TestFormats" name="test_formats_landscape_spec" time="0.098" /><testcase classname="tests.test_iter10_ffmpeg_and_video_missing.TestAttributionMatrixRegression" name="test_admin_matrix_has_expected_keys" time="0.101" /><testcase classname="tests.test_iter9_formats_and_attribution.TestFormats" name="test_formats_vertical_spec" time="0.099" /><testcase classname="tests.test_iter13_matrix_csv.TestMatrixCsvAuth" name="test_anon_denied" time="0.097" /><testcase classname="tests.test_iter12_untagged_and_regression.TestUntaggedAuth" name="test_anon_denied" time="0.095" /><testcase classname="tests.test_iter13_matrix_csv.TestMatrixCsvAuth" name="test_admin_ok" time="0.103" /><testcase classname="tests.test_iter12_untagged_and_regression.TestUntaggedAuth" name="test_admin_ok" time="0.106" /><testcase classname="tests.test_iter11_sanity_and_regression.TestSanityAuth" name="test_anon_denied" time="0.107" /><testcase classname="tests.test_iter11_sanity_and_regression.TestSanityAuth" name="test_admin_ok" time="0.104" /><testcase classname="tests.test_iter11_sanity_and_regression.TestAnalyticsTrackRegression" name="test_track_ok" time="0.099" /><testcase classname="tests.test_iter12_untagged_and_regression.TestUntaggedSeededHosts" name="test_seeded_hosts_appear" time="0.412" /><testcase classname="tests.test_iter11_sanity_and_regression.TestAnalyticsTrackRegression" name="test_track_invalid_event_rejected" time="0.094" /><testcase classname="tests.test_iter12_untagged_and_regression.TestUntaggedSeededHosts" name="test_only_page_view_missing_source_counted" time="1.044" /><testcase classname="tests.test_iter10_ffmpeg_and_video_missing.TestFFmpegGuard" name="test_raises_runtime_error_when_ffmpeg_missing" time="1.900" /><testcase classname="tests.test_iter11_sanity_and_regression.TestAttributionMatrixRegression" name="test_anon_denied" time="0.096" /><testcase classname="tests.test_iter11_sanity_and_regression.TestAttributionMatrixRegression" name="test_admin_ok_with_expected_shape" time="0.100" /><testcase classname="tests.test_iter12_untagged_and_regression.TestAttributionMatrixRegression" name="test_admin_ok" time="0.110" /><testcase classname="tests.test_iter12_untagged_and_regression.TestFormatsRegression" name="test_landscape_and_vertical" time="0.093" /><testcase classname="tests.test_iter12_untagged_and_regression.TestWaitlistRegression" name="test_admin_ok" time="0.100" /><testcase classname="tests.test_iter12_untagged_and_regression.TestExperimentsRegression" name="test_admin_ok" time="0.097" /><testcase classname="tests.test_iter12_untagged_and_regression.TestUtmLinksRegression" name="test_admin_ok" time="0.110" /><testcase classname="tests.test_iter12_untagged_and_regression.TestShortLinkRegression" name="test_short_slug" time="0.097" /><testcase classname="tests.test_iter12_untagged_and_regression.TestAnalyticsTrackRegression" name="test_track_ok" time="0.097" /><testcase classname="tests.test_iter12_untagged_and_regression.TestWaitlistReferralAttribution" name="test_referral_signup_recorded" time="0.501" /><testcase classname="tests.test_iter10_ffmpeg_and_video_missing.TestFFmpegGuard" name="test_guard_does_not_fire_when_ffmpeg_present" time="0.001"><failure message="AssertionError: assert None is not None&#10; +  where None = &lt;function which at 0xff769ea38f40&gt;('ffmpeg')&#10; +    where &lt;function which at 0xff769ea38f40&gt; = shutil.which">test_iter10_ffmpeg_and_video_missing.py:90: in test_guard_does_not_fire_when_ffmpeg_present
    assert shutil.which("ffmpeg") is not None
E   AssertionError: assert None is not None
E    +  where None = &lt;function which at 0xff769ea38f40&gt;('ffmpeg')
E    +    where &lt;function which at 0xff769ea38f40&gt; = shutil.which</failure></testcase><testcase classname="tests.test_iter12_untagged_and_regression.TestSanityRegression" name="test_admin_ok_shape" time="0.101" /><testcase classname="tests.test_iter11_sanity_and_regression.TestExperimentsRegression" name="test_admin_ok" time="0.103" /><testcase classname="tests.test_iter11_sanity_and_regression.TestUtmLinksRegression" name="test_admin_ok" time="0.102" /><testcase classname="tests.test_iter11_sanity_and_regression.TestShortLinkRegression" name="test_short_slug_resolves_or_404" time="0.100" /><testcase classname="tests.test_iter11_sanity_and_regression.TestDuplicateDetectionCaseInsensitive" name="test_duplicate_appears_case_insensitively" time="0.728" /><testcase classname="tests.test_iter11_sanity_and_regression.TestFormatsRegression" name="test_landscape_and_vertical" time="0.092" /></testsuite></testsuites>