<?xml version="1.0" encoding="utf-8"?><testsuites name="pytest tests"><testsuite name="pytest" errors="0" failures="0" skipped="0" tests="10" time="3.630" timestamp="2026-07-23T12:08:40.396768+00:00" hostname="agent-env-b14494e7-0f25-4ddd-abd0-caa1c62c4931"><testcase classname="tests.test_iter28_referrals_and_kadenza.TestHealth" name="test_health_returns_ok_with_checks" time="0.343" /><testcase classname="tests.test_iter28_referrals_and_kadenza.TestCORS" name="test_options_preflight_ok" time="0.072" /><testcase classname="tests.test_iter28_referrals_and_kadenza.TestCORS" name="test_service_reachable_after_cors_init" time="0.108" /><testcase classname="tests.test_iter28_referrals_and_kadenza.TestReferralsAdmin" name="test_admin_referral_endpoint_shape" time="0.402" /><testcase classname="tests.test_iter28_referrals_and_kadenza.TestReferralsAdmin" name="test_referrals_requires_auth" time="0.096" /><testcase classname="tests.test_iter28_referrals_and_kadenza.TestReferralSignupFlow" name="test_signup_without_referral_gives_3_credits" time="0.406" /><testcase classname="tests.test_iter28_referrals_and_kadenza.TestReferralSignupFlow" name="test_signup_with_bad_referral_still_succeeds" time="0.407" /><testcase classname="tests.test_iter28_referrals_and_kadenza.TestReferralSignupFlow" name="test_full_referral_flow_credits_both_sides" time="0.895" /><testcase classname="tests.test_iter28_referrals_and_kadenza.TestReferralSignupFlow" name="test_new_user_gets_own_referral_code" time="0.408" /><testcase classname="tests.test_iter28_referrals_and_kadenza.TestAdminLoginSmoke" name="test_admin_login_and_me" time="0.421" /></testsuite></testsuites>