<?xml version="1.0" encoding="utf-8"?><testsuites name="pytest tests"><testsuite name="pytest" errors="0" failures="0" skipped="0" tests="12" time="2.976" timestamp="2026-07-23T10:11:46.007863+00:00" hostname="agent-env-b14494e7-0f25-4ddd-abd0-caa1c62c4931"><testcase classname="tests.test_iter22_password_reset.TestForgotPassword" name="test_valid_registered_email_returns_generic_ok_and_creates_token" time="0.146" /><testcase classname="tests.test_iter22_password_reset.TestForgotPassword" name="test_unregistered_email_returns_same_generic_ok" time="0.047" /><testcase classname="tests.test_iter22_password_reset.TestForgotPassword" name="test_malformed_identifier_still_returns_200" time="0.054" /><testcase classname="tests.test_iter22_password_reset.TestForgotPassword" name="test_prior_unused_tokens_invalidated" time="0.088" /><testcase classname="tests.test_iter22_password_reset.TestForgotPassword" name="test_z_rate_limit_5_per_10min" time="0.081" /><testcase classname="tests.test_iter22_password_reset.TestResetPassword" name="test_unknown_token_returns_400" time="0.043" /><testcase classname="tests.test_iter22_password_reset.TestResetPassword" name="test_used_token_returns_400" time="0.047" /><testcase classname="tests.test_iter22_password_reset.TestResetPassword" name="test_expired_token_returns_400" time="0.046" /><testcase classname="tests.test_iter22_password_reset.TestResetPassword" name="test_short_password_returns_400" time="0.087" /><testcase classname="tests.test_iter22_password_reset.TestResetPassword" name="test_valid_reset_updates_password_marks_used_and_auto_logs_in" time="1.032" /><testcase classname="tests.test_iter22_password_reset.TestRegression" name="test_auth_me_never_leaks_password_hash" time="0.900" /><testcase classname="tests.test_iter22_password_reset.TestSchedulerRegistered" name="test_scheduler_startup_log_present" time="0.269" /></testsuite></testsuites>