<?xml version="1.0" encoding="utf-8"?><testsuites name="pytest tests"><testsuite name="pytest" errors="0" failures="0" skipped="1" tests="23" time="2.664" timestamp="2026-07-22T15:31:15.259750+00:00" hostname="agent-env-b14494e7-0f25-4ddd-abd0-caa1c62c4931"><testcase classname="tests.test_iter9_formats_and_attribution.TestRegression" name="test_waitlist_admin_get" time="0.201" /><testcase classname="tests.test_iter9_formats_and_attribution.TestRegression" name="test_admin_experiments" time="0.180" /><testcase classname="tests.test_iter9_formats_and_attribution.TestRegression" name="test_analytics_track" time="0.154" /><testcase classname="tests.test_iter9_formats_and_attribution.TestAttributionMatrix" name="test_requires_admin_no_cookie" time="0.566" /><testcase classname="tests.test_iter9_formats_and_attribution.TestRegression" name="test_short_link_prewired" time="0.128" /><testcase classname="tests.test_iter9_formats_and_attribution.TestAttributionMatrix" name="test_requires_admin_non_admin" time="0.146" /><testcase classname="tests.test_iter9_formats_and_attribution.TestRegression" name="test_admin_utm_links" time="0.123" /><testcase classname="tests.test_iter9_formats_and_attribution.TestAttributionMatrix" name="test_matrix_shape" time="0.104" /><testcase classname="tests.test_iter9_formats_and_attribution.TestRegression" name="test_admin_stats" time="0.114" /><testcase classname="tests.test_iter9_formats_and_attribution.TestAttributionMatrix" name="test_cell_order_matches_variants" time="0.131" /><testcase classname="tests.test_iter9_formats_and_attribution.TestRegression" name="test_admin_analytics" time="0.126" /><testcase classname="tests.test_iter9_formats_and_attribution.TestAttributionMatrix" name="test_row_totals_equal_sum_of_cells" time="0.140" /><testcase classname="tests.test_iter9_formats_and_attribution.TestRegression" name="test_admin_digest_list" time="0.140" /><testcase classname="tests.test_iter9_formats_and_attribution.TestAttributionMatrix" name="test_col_totals_sum_equals_grand" time="0.103" /><testcase classname="tests.test_iter9_formats_and_attribution.TestProjectVideoUrls" name="test_project_returns_both_urls" time="0.103" /><testcase classname="tests.test_iter9_formats_and_attribution.TestAttributionMatrix" name="test_conversion_pct_math" time="0.127" /><testcase classname="tests.test_iter9_formats_and_attribution.TestProjectVideoUrls" name="test_static_serving_landscape" time="0.102" /><testcase classname="tests.test_iter9_formats_and_attribution.TestAttributionMatrix" name="test_seed_visible" time="0.112" /><testcase classname="tests.test_iter9_formats_and_attribution.TestProjectVideoUrls" name="test_static_serving_vertical" time="0.115" /><testcase classname="tests.test_iter9_formats_and_attribution.TestFormats" name="test_formats_shape" time="0.103" /><testcase classname="tests.test_iter9_formats_and_attribution.TestProjectVideoUrls" name="test_ffprobe_resolutions" time="0.002"><skipped type="pytest.skip" message="ffprobe not installed in preview container — ENV blocker">/app/backend/tests/test_iter9_formats_and_attribution.py:168: ffprobe not installed in preview container — ENV blocker</skipped></testcase><testcase classname="tests.test_iter9_formats_and_attribution.TestFormats" name="test_formats_landscape_spec" time="0.124" /><testcase classname="tests.test_iter9_formats_and_attribution.TestFormats" name="test_formats_vertical_spec" time="0.114" /></testsuite></testsuites>