<?xml version="1.0" encoding="utf-8"?><testsuites name="pytest tests"><testsuite name="pytest" errors="0" failures="0" skipped="0" tests="26" time="5.312" timestamp="2026-07-23T11:15:09.913051+00:00" hostname="agent-env-b14494e7-0f25-4ddd-abd0-caa1c62c4931"><testcase classname="tests.test_iter26_share_analytics.TestUABucket" name="test_mobile_iphone" time="0.000" /><testcase classname="tests.test_iter26_share_analytics.TestReferrerHostParser" name="test_full_url_extracts_host" time="0.000" /><testcase classname="tests.test_iter26_share_analytics.TestUABucket" name="test_mobile_android" time="0.000" /><testcase classname="tests.test_iter26_share_analytics.TestUABucket" name="test_desktop_chrome" time="0.000" /><testcase classname="tests.test_iter26_share_analytics.TestReferrerHostParser" name="test_strips_www_prefix" time="0.000" /><testcase classname="tests.test_iter26_share_analytics.TestReferrerHostParser" name="test_strips_m_prefix" time="0.000" /><testcase classname="tests.test_iter26_share_analytics.TestReferrerHostParser" name="test_strips_mobile_prefix" time="0.000" /><testcase classname="tests.test_iter26_share_analytics.TestReferrerHostParser" name="test_empty_returns_direct" time="0.000" /><testcase classname="tests.test_iter26_share_analytics.TestReferrerHostParser" name="test_own_domain_kadenza_returns_direct" time="0.000" /><testcase classname="tests.test_iter26_share_analytics.TestReferrerHostParser" name="test_own_domain_emergentagent_returns_direct" time="0.000" /><testcase classname="tests.test_iter26_share_analytics.TestUABucket" name="test_desktop_firefox" time="0.000" /><testcase classname="tests.test_iter26_share_analytics.TestUABucket" name="test_bot_twitter" time="0.000" /><testcase classname="tests.test_iter26_share_analytics.TestUABucket" name="test_bot_whatsapp" time="0.000" /><testcase classname="tests.test_iter26_share_analytics.TestUABucket" name="test_bot_linkedin" time="0.000" /><testcase classname="tests.test_iter26_share_analytics.TestUABucket" name="test_bot_slack" time="0.000" /><testcase classname="tests.test_iter26_share_analytics.TestUABucket" name="test_bot_facebook_external_hit" time="0.000" /><testcase classname="tests.test_iter26_share_analytics.TestReferrerHostParser" name="test_malformed_url_returns_direct" time="0.000" /><testcase classname="tests.test_iter26_share_analytics.TestUABucket" name="test_empty_returns_unknown" time="0.000" /><testcase classname="tests.test_iter26_share_analytics.TestAnalyticsAuth" name="test_no_auth_returns_401_or_403" time="0.238" /><testcase classname="tests.test_iter26_share_analytics.TestAnalyticsShape" name="test_analytics_returns_expected_shape" time="0.750" /><testcase classname="tests.test_iter26_share_analytics.TestAnalyticsAuth" name="test_other_user_gets_404" time="0.561" /><testcase classname="tests.test_iter26_share_analytics.TestAnalyticsShape" name="test_timeline_has_14_days_oldest_first" time="0.049" /><testcase classname="tests.test_iter26_share_analytics.TestViewLogging" name="test_view_inserts_share_event" time="1.034" /><testcase classname="tests.test_iter26_share_analytics.TestAnalyticsNoShare" name="test_project_without_share_returns_empty" time="0.472" /><testcase classname="tests.test_iter26_share_analytics.TestMultiReferrer" name="test_top_referrers_aggregates_correctly" time="1.724" /><testcase classname="tests.test_iter26_share_analytics.TestShareEventsIndexes" name="test_compound_and_single_indexes_exist" time="0.004" /></testsuite></testsuites>