<?xml version="1.0" encoding="utf-8"?><testsuites name="pytest tests"><testsuite name="pytest" errors="0" failures="0" skipped="0" tests="4" time="1.294" timestamp="2026-07-22T14:53:04.040948+00:00" hostname="agent-env-b14494e7-0f25-4ddd-abd0-caa1c62c4931"><testcase classname="tests.test_direct_bucket_fix.TestDuplicateDirectBucketFix" name="test_by_source_has_single_direct_entry" time="0.259" /><testcase classname="tests.test_direct_bucket_fix.TestDuplicateDirectBucketFix" name="test_by_source_sum_equals_total" time="0.152" /><testcase classname="tests.test_direct_bucket_fix.TestDuplicateDirectBucketFix" name="test_filter_direct_matches_bucket_size" time="0.211" /><testcase classname="tests.test_direct_bucket_fix.TestDuplicateDirectBucketFix" name="test_csv_direct_exports_match_filter_count_and_source_column_is_direct" time="0.188" /></testsuite></testsuites>