<?xml version="1.0" encoding="utf-8"?><testsuites name="pytest tests"><testsuite name="pytest" errors="0" failures="1" skipped="0" tests="42" time="7.247" timestamp="2026-07-22T15:13:01.348948+00:00" hostname="agent-env-b14494e7-0f25-4ddd-abd0-caa1c62c4931"><testcase classname="tests.test_direct_bucket_fix.TestDuplicateDirectBucketFix" name="test_by_source_has_single_direct_entry" time="0.160" /><testcase classname="tests.test_direct_bucket_fix.TestDuplicateDirectBucketFix" name="test_by_source_sum_equals_total" time="0.162" /><testcase classname="tests.test_direct_bucket_fix.TestDuplicateDirectBucketFix" name="test_filter_direct_matches_bucket_size" time="0.210" /><testcase classname="tests.test_direct_bucket_fix.TestDuplicateDirectBucketFix" name="test_csv_direct_exports_match_filter_count_and_source_column_is_direct" time="0.181" /><testcase classname="tests.test_utm_links.TestAuthGuard" name="test_list_requires_admin" time="0.105" /><testcase classname="tests.test_utm_links.TestAuthGuard" name="test_create_requires_admin" time="0.048" /><testcase classname="tests.test_utm_links.TestAuthGuard" name="test_delete_requires_admin" time="0.052" /><testcase classname="tests.test_utm_links.TestUtmCreate" name="test_create_basic_returns_all_fields" time="0.179" /><testcase classname="tests.test_utm_links.TestUtmCreate" name="test_create_preserves_existing_querystring" time="0.102" /><testcase classname="tests.test_utm_links.TestUtmCreate" name="test_create_missing_source_returns_400" time="0.066" /><testcase classname="tests.test_utm_links.TestUtmCreate" name="test_create_missing_source_key_returns_422" time="0.049" /><testcase classname="tests.test_utm_links.TestUtmList" name="test_list_shape_and_sort" time="0.348" /><testcase classname="tests.test_utm_links.TestUtmList" name="test_delete_removes_row" time="0.185" /><testcase classname="tests.test_utm_links.TestUtmStatsAggregation" name="test_events_roll_up_into_row_stats" time="0.484" /><testcase classname="tests.test_csv_and_segments.TestWaitlistAttribution" name="test_signup_with_attribution_persists_all_fields" time="0.187" /><testcase classname="tests.test_csv_and_segments.TestWaitlistAttribution" name="test_signup_without_source_defaults_to_direct" time="0.125" /><testcase classname="tests.test_csv_and_segments.TestAdminWaitlistListing" name="test_shape_contains_all_keys" time="0.081"><failure message="AssertionError: assert {'source': No...ne, 'q': None} == {'source': No...ne, 'q': None}&#10;  &#10;  Omitting 3 identical items, use -vv to show&#10;  Left contains 1 more item:&#10;  {'variant': None}&#10;  &#10;  Full diff:&#10;    {...&#10;  &#10;  ...Full output truncated (5 lines hidden), use '-vv' to show">E   AssertionError: assert {'source': No...ne, 'q': None} == {'source': No...ne, 'q': None}
      
      Omitting 3 identical items, use -vv to show
      Left contains 1 more item:
      {'variant': None}
      
      Full diff:
        {...
      
      ...Full output truncated (5 lines hidden), use '-vv' to show</failure></testcase><testcase classname="tests.test_csv_and_segments.TestAdminWaitlistListing" name="test_source_filter_returns_only_matching" time="0.220" /><testcase classname="tests.test_csv_and_segments.TestAdminWaitlistListing" name="test_plan_and_q_filters" time="0.197" /><testcase classname="tests.test_csv_and_segments.TestAdminWaitlistListing" name="test_non_admin_returns_401_or_403" time="0.156" /><testcase classname="tests.test_csv_and_segments.TestWaitlistCsvExport" name="test_csv_default_headers_and_filename" time="0.076" /><testcase classname="tests.test_csv_and_segments.TestWaitlistCsvExport" name="test_csv_source_filter_filename_and_rows" time="0.143" /><testcase classname="tests.test_csv_and_segments.TestWaitlistCsvExport" name="test_csv_non_admin_401" time="0.062" /><testcase classname="tests.test_csv_and_segments.TestUtmLinksCsvExport" name="test_csv_headers_and_filename" time="0.077" /><testcase classname="tests.test_csv_and_segments.TestUtmLinksCsvExport" name="test_csv_rows_match_json_endpoint" time="0.134" /><testcase classname="tests.test_csv_and_segments.TestUtmLinksCsvExport" name="test_csv_non_admin_401" time="0.069" /><testcase classname="tests.test_phase8_chips_and_short.TestWaitlistFacets" name="test_unfiltered_facets_present" time="0.109" /><testcase classname="tests.test_phase8_chips_and_short.TestWaitlistFacets" name="test_by_variant_contains_unassigned_bucket" time="0.118" /><testcase classname="tests.test_phase8_chips_and_short.TestWaitlistFacets" name="test_variant_filter_B" time="0.138" /><testcase classname="tests.test_phase8_chips_and_short.TestWaitlistFacets" name="test_variant_filter_unassigned_matches_null_or_missing" time="0.138" /><testcase classname="tests.test_phase8_chips_and_short.TestWaitlistFacets" name="test_combined_source_and_variant_AND" time="0.120" /><testcase classname="tests.test_phase8_chips_and_short.TestWaitlistFacets" name="test_combined_source_direct_and_variant_unassigned" time="0.132" /><testcase classname="tests.test_phase8_chips_and_short.TestWaitlistFacets" name="test_unauth_401" time="0.098" /><testcase classname="tests.test_phase8_chips_and_short.TestWaitlistCsv" name="test_csv_unauth_401" time="0.105" /><testcase classname="tests.test_phase8_chips_and_short.TestWaitlistCsv" name="test_csv_filename_encodes_filters" time="0.137" /><testcase classname="tests.test_phase8_chips_and_short.TestWaitlistCsv" name="test_csv_body_respects_variant_filter" time="0.113" /><testcase classname="tests.test_phase8_chips_and_short.TestUtmSlug" name="test_create_with_explicit_slug" time="0.288" /><testcase classname="tests.test_phase8_chips_and_short.TestUtmSlug" name="test_auto_slug_from_name" time="0.240" /><testcase classname="tests.test_phase8_chips_and_short.TestUtmSlug" name="test_duplicate_slug_gets_suffix" time="0.467" /><testcase classname="tests.test_phase8_chips_and_short.TestShortResolver" name="test_unknown_slug_returns_404" time="0.124" /><testcase classname="tests.test_phase8_chips_and_short.TestShortResolver" name="test_known_slug_returns_target_and_logs_event" time="0.883" /><testcase classname="tests.test_phase8_chips_and_short.TestShortResolver" name="test_prewired_beta_post_1" time="0.102" /></testsuite></testsuites>