<?xml version="1.0" encoding="utf-8"?><testsuites name="pytest tests"><testsuite name="pytest" errors="0" failures="1" skipped="0" tests="15" time="3.778" timestamp="2026-07-23T07:46:18.958042+00:00" hostname="agent-env-b14494e7-0f25-4ddd-abd0-caa1c62c4931"><testcase classname="tests.test_iter15_fix_client_ip.TestClientIpHelper" name="test_scenario_1_trusted_peer_with_xff" time="1.748" /><testcase classname="tests.test_iter15_fix_client_ip.TestClientIpHelper" name="test_scenario_2_trusted_peer_with_only_x_real_ip" time="0.000" /><testcase classname="tests.test_iter15_fix_client_ip.TestClientIpHelper" name="test_scenario_3_untrusted_peer_ignores_forged_xff" time="0.000" /><testcase classname="tests.test_iter15_fix_client_ip.TestClientIpHelper" name="test_scenario_4_no_peer_no_headers" time="0.000" /><testcase classname="tests.test_iter15_fix_client_ip.TestClientIpHelper" name="test_trusted_peer_no_headers_returns_peer" time="0.000" /><testcase classname="tests.test_iter15_fix_client_ip.TestClientIpHelper" name="test_trusted_cidr_172_variants" time="0.000" /><testcase classname="tests.test_iter15_fix_client_ip.TestClientIpHelper" name="test_localhost_peer_is_trusted" time="0.000" /><testcase classname="tests.test_iter15_fix_client_ip.TestClientIpHelper" name="test_xff_whitespace_stripped" time="0.000" /><testcase classname="tests.test_iter15_fix_client_ip.TestClientIpHelper" name="test_invalid_peer_ip_treated_as_untrusted" time="0.000" /><testcase classname="tests.test_iter15_fix_client_ip.TestRateLimitUsesClientIp" name="test_trusted_peer_different_xff_are_isolated" time="0.000" /><testcase classname="tests.test_iter15_fix_client_ip.TestRateLimitUsesClientIp" name="test_untrusted_peer_cannot_rotate_xff_to_bypass" time="0.000" /><testcase classname="tests.test_iter15_fix_client_ip.TestWaitlistLiveRateLimitFix" name="test_five_pass_then_429" time="0.878" /><testcase classname="tests.test_iter15_fix_client_ip.TestWaitlistLiveRateLimitFix" name="test_forged_xff_does_not_bypass" time="0.692"><failure message="AssertionError: forged XFF appears to bypass rate limit! successes=7&#10;assert 7 &lt;= 5">E   AssertionError: forged XFF appears to bypass rate limit! successes=7
    assert 7 &lt;= 5</failure></testcase><testcase classname="tests.test_iter15_fix_client_ip.TestHealthRegression" name="test_health_shape" time="0.103" /><testcase classname="tests.test_iter15_fix_client_ip.TestHealthRegression" name="test_request_id_echoed" time="0.135" /></testsuite></testsuites>