<?xml version="1.0" encoding="utf-8"?><testsuites name="pytest tests"><testsuite name="pytest" errors="0" failures="0" skipped="0" tests="19" time="2.504" timestamp="2026-07-22T16:07:50.781392+00:00" hostname="agent-env-b14494e7-0f25-4ddd-abd0-caa1c62c4931"><testcase classname="tests.test_iter11_sanity_and_regression.TestWaitlistFiltersRegression" name="test_anon_denied" time="0.284" /><testcase classname="tests.test_iter11_sanity_and_regression.TestWaitlistFiltersRegression" name="test_admin_no_filter" time="0.111" /><testcase classname="tests.test_iter11_sanity_and_regression.TestSanityShape" name="test_top_level_keys" time="0.358" /><testcase classname="tests.test_iter11_sanity_and_regression.TestSanityShape" name="test_orphan_shape" time="0.000" /><testcase classname="tests.test_iter11_sanity_and_regression.TestSanityShape" name="test_unattributed_shape_and_pct_math" time="0.000" /><testcase classname="tests.test_iter11_sanity_and_regression.TestSanityShape" name="test_duplicates_shape" time="0.000" /><testcase classname="tests.test_iter11_sanity_and_regression.TestSanityShape" name="test_totals_shape" time="0.000" /><testcase classname="tests.test_iter11_sanity_and_regression.TestAttributionMatrixRegression" name="test_anon_denied" time="0.141" /><testcase classname="tests.test_iter11_sanity_and_regression.TestWaitlistFiltersRegression" name="test_source_filter" time="0.134" /><testcase classname="tests.test_iter11_sanity_and_regression.TestAttributionMatrixRegression" name="test_admin_ok_with_expected_shape" time="0.124" /><testcase classname="tests.test_iter11_sanity_and_regression.TestSanityAuth" name="test_anon_denied" time="0.125" /><testcase classname="tests.test_iter11_sanity_and_regression.TestAnalyticsTrackRegression" name="test_track_ok" time="0.131" /><testcase classname="tests.test_iter11_sanity_and_regression.TestSanityAuth" name="test_admin_ok" time="0.127" /><testcase classname="tests.test_iter11_sanity_and_regression.TestAnalyticsTrackRegression" name="test_track_invalid_event_rejected" time="0.146" /><testcase classname="tests.test_iter11_sanity_and_regression.TestFormatsRegression" name="test_landscape_and_vertical" time="0.238" /><testcase classname="tests.test_iter11_sanity_and_regression.TestUtmLinksRegression" name="test_admin_ok" time="0.100" /><testcase classname="tests.test_iter11_sanity_and_regression.TestDuplicateDetectionCaseInsensitive" name="test_duplicate_appears_case_insensitively" time="1.041" /><testcase classname="tests.test_iter11_sanity_and_regression.TestExperimentsRegression" name="test_admin_ok" time="0.121" /><testcase classname="tests.test_iter11_sanity_and_regression.TestShortLinkRegression" name="test_short_slug_resolves_or_404" time="0.106" /></testsuite></testsuites>