<?xml version="1.0" encoding="utf-8"?><testsuites name="pytest tests"><testsuite name="pytest" errors="0" failures="0" skipped="0" tests="11" time="7.889" timestamp="2026-07-23T10:33:14.470284+00:00" hostname="agent-env-b14494e7-0f25-4ddd-abd0-caa1c62c4931"><testcase classname="tests.test_iter23_public_share.TestPublicVideo" name="test_public_endpoint_no_auth_required" time="0.900" /><testcase classname="tests.test_iter23_public_share.TestShareEnable" name="test_share_draft_returns_400" time="0.770" /><testcase classname="tests.test_iter23_public_share.TestShareEnable" name="test_share_ready_returns_slug" time="0.056" /><testcase classname="tests.test_iter23_public_share.TestShareEnable" name="test_share_is_idempotent" time="0.101" /><testcase classname="tests.test_iter23_public_share.TestPublicVideo" name="test_public_projection_no_private_leak" time="0.236" /><testcase classname="tests.test_iter23_public_share.TestShareEnable" name="test_disable_keeps_slug_reserved" time="0.160" /><testcase classname="tests.test_iter23_public_share.TestShareIndex" name="test_share_slug_index_unique_sparse" time="0.004" /><testcase classname="tests.test_iter23_public_share.TestRateLimit" name="test_rate_limit_public_video_120_per_min" time="6.395" /><testcase classname="tests.test_iter23_public_share.TestPublicVideo" name="test_view_count_increments" time="0.456" /><testcase classname="tests.test_iter23_public_share.TestPublicVideo" name="test_unknown_slug_returns_404" time="0.093" /><testcase classname="tests.test_iter23_public_share.TestPublicVideo" name="test_disabled_share_returns_404" time="0.284" /></testsuite></testsuites>