<?xml version="1.0" encoding="utf-8"?><testsuites name="pytest tests"><testsuite name="pytest" errors="0" failures="0" skipped="0" tests="13" time="3.233" timestamp="2026-07-22T15:37:59.073301+00:00" hostname="agent-env-b14494e7-0f25-4ddd-abd0-caa1c62c4931"><testcase classname="tests.test_iter10_ffmpeg_and_video_missing.TestFormatsRegression" name="test_formats_still_returns_landscape_and_vertical" time="0.244" /><testcase classname="tests.test_iter10_ffmpeg_and_video_missing.TestFFmpegInstalled" name="test_ffmpeg_on_path" time="0.000" /><testcase classname="tests.test_iter10_ffmpeg_and_video_missing.TestFFmpegInstalled" name="test_ffprobe_on_path" time="0.000" /><testcase classname="tests.test_iter10_ffmpeg_and_video_missing.TestFFmpegInstalled" name="test_ffmpeg_version_runs" time="0.135" /><testcase classname="tests.test_iter10_ffmpeg_and_video_missing.TestFFmpegInstalled" name="test_ffprobe_version_runs" time="0.067" /><testcase classname="tests.test_iter10_ffmpeg_and_video_missing.TestFFmpegInstalled" name="test_dejavu_font_present" time="0.023" /><testcase classname="tests.test_iter10_ffmpeg_and_video_missing.TestAttributionMatrixRegression" name="test_anon_denied" time="0.129" /><testcase classname="tests.test_iter10_ffmpeg_and_video_missing.TestFormatsRegression" name="test_landscape_is_default" time="0.169" /><testcase classname="tests.test_iter10_ffmpeg_and_video_missing.TestAttributionMatrixRegression" name="test_admin_gets_matrix" time="0.150" /><testcase classname="tests.test_iter10_ffmpeg_and_video_missing.TestFormatsRegression" name="test_vertical_spec_intact" time="0.116" /><testcase classname="tests.test_iter10_ffmpeg_and_video_missing.TestAttributionMatrixRegression" name="test_admin_matrix_has_expected_keys" time="0.128" /><testcase classname="tests.test_iter10_ffmpeg_and_video_missing.TestFFmpegGuard" name="test_raises_runtime_error_when_ffmpeg_missing" time="1.708" /><testcase classname="tests.test_iter10_ffmpeg_and_video_missing.TestFFmpegGuard" name="test_guard_does_not_fire_when_ffmpeg_present" time="0.000" /></testsuite></testsuites>