<?xml version="1.0" encoding="utf-8"?><testsuites name="pytest tests"><testsuite name="pytest" errors="0" failures="2" skipped="0" tests="43" time="3.051" timestamp="2026-07-23T05:46:32.941817+00:00" hostname="agent-env-b14494e7-0f25-4ddd-abd0-caa1c62c4931"><testcase classname="tests.test_iter_final_prelaunch.TestUTMShort" name="test_create_utm_link" time="0.293" /><testcase classname="tests.test_iter_final_prelaunch.TestAuth" name="test_admin_seeded_on_startup" time="0.005" /><testcase classname="tests.test_iter_final_prelaunch.TestAuth" name="test_anon_admin_endpoint_401" time="0.304" /><testcase classname="tests.test_iter_final_prelaunch.TestUTMShort" name="test_short_resolve" time="0.099" /><testcase classname="tests.test_iter_final_prelaunch.TestAuth" name="test_admin_cookie_200" time="0.146" /><testcase classname="tests.test_iter_final_prelaunch.TestUTMShort" name="test_short_404" time="0.111" /><testcase classname="tests.test_iter_final_prelaunch.TestAuth" name="test_non_admin_403" time="0.101" /><testcase classname="tests.test_iter_final_prelaunch.TestUTMShort" name="test_list_utm_links" time="0.114" /><testcase classname="tests.test_iter_final_prelaunch.TestSanity" name="test_sanity" time="0.106" /><testcase classname="tests.test_iter_final_prelaunch.TestUTMShort" name="test_delete_utm_link" time="0.103" /><testcase classname="tests.test_iter_final_prelaunch.TestSanity" name="test_untagged" time="0.109" /><testcase classname="tests.test_iter_final_prelaunch.TestWaitlistAdmin" name="test_list_no_filter" time="0.097" /><testcase classname="tests.test_iter_final_prelaunch.TestSanity" name="test_untagged_limit_clamp_low" time="0.100" /><testcase classname="tests.test_iter_final_prelaunch.TestWaitlistAdmin" name="test_filter_plan" time="0.096" /><testcase classname="tests.test_iter_final_prelaunch.TestSanity" name="test_untagged_limit_clamp_high" time="0.109" /><testcase classname="tests.test_iter_final_prelaunch.TestWaitlistAdmin" name="test_csv" time="0.107" /><testcase classname="tests.test_iter_final_prelaunch.TestDigest" name="test_digest_config" time="0.095" /><testcase classname="tests.test_iter_final_prelaunch.TestWaitlistAdmin" name="test_csv_filtered_filename" time="0.099" /><testcase classname="tests.test_iter_final_prelaunch.TestDigest" name="test_digest_preview" time="0.106" /><testcase classname="tests.test_iter_final_prelaunch.TestVideoPipelineContract" name="test_formats_endpoint" time="0.114" /><testcase classname="tests.test_iter_final_prelaunch.TestDigest" name="test_digest_send_now" time="0.111" /><testcase classname="tests.test_iter_final_prelaunch.TestVideoPipelineContract" name="test_synthetic_project_has_both_video_urls" time="0.095" /><testcase classname="tests.test_iter_final_prelaunch.TestDigest" name="test_digest_list" time="0.095" /><testcase classname="tests.test_iter_final_prelaunch.TestVideoPipelineContract" name="test_legacy_project_no_video_urls" time="0.108" /><testcase classname="tests.test_iter_final_prelaunch.TestConfig" name="test_env_vars" time="0.000"><failure message="AssertionError: assert None&#10; +  where None = get('MONGO_URL')&#10; +    where get = environ({'KUBERNETES_SERVICE_PORT_HTTPS': '443', 'PYTHON_SHA256': '272179ddd9a2e41a0fc8e42e33dfbdca0b3711aa5abf372d3f2d51543d09b625', 'KUBERNETES_SERVICE_PORT': '443', 'PYTHONUNBUFFERED': '1', 'PIP_NO_INPUT': '1', 'STRIPE_API_KEY': 'sk_test_emergent', 'HOSTNAME': 'agent-env-b14494e7-0f25-4ddd-abd0-caa1c62c4931', 'PYTHON_VERSION': '3.11.15', 'base_url': 'https://demobackend.emergentagent.com', 'run_id': 'b14494e7-0f25-4ddd-abd0-caa1c62c4931', 'UV_COMPILE_BYTECODE': '1', 'PLUGIN_VENV_PATH': '/opt/plugins-venv', 'PUPPETEER_EXECUTABLE_PATH': '/usr/bin/chromium', 'PWD': '/app/backend/tests', 'code_server_password': '3dae19c0', 'job_id': 'dd25cb68-4302-4735-97fa-de75b34b033f', 'AGENT_BROWSER_EXECUTABLE_PATH': '/usr/bin/chromium', 'UV_EXTRA_INDEX_URL': 'https://d33sy5i8bnduwe.cloudfront.net/simple/', 'HOME': '/root', 'LANG': 'C.UTF-8', 'KUBERNETES_PORT_443_TCP': 'tcp://34.118.224.1:443', 'PLAYWRIGHT_CHROME_EXECUTABLE_PATH': '/usr/local/bin/browser-use-chromium', 'VIRTUAL_ENV': '/root/.venv', 'GPG_KEY': 'A035C8C19219BA821ECEA86B64E628F8D684696D', 'PLAYWRIGHT_BROWSERS_PATH': '/pw-browsers', 'integration_proxy_url': 'https://integrations.emergentagent.com', 'preview_endpoint': 'https://scr...T_PYPI_INDEX': 'https://d33sy5i8bnduwe.cloudfront.net/simple/', 'ENABLE_RELOAD': 'true', 'SHLVL': '1', 'KUBERNETES_PORT_443_TCP_PROTO': 'tcp', 'CHROME_PATH': '/usr/bin/chromium', 'KUBERNETES_PORT_443_TCP_ADDR': '34.118.224.1', 'LINTERS_PYPI_INDEX': 'https://d33sy5i8bnduwe.cloudfront.net/simple/', 'KUBERNETES_SERVICE_HOST': '34.118.224.1', 'KUBERNETES_PORT': 'tcp://34.118.224.1:443', 'KUBERNETES_PORT_443_TCP_PORT': '443', 'PATH': '/root/.venv/bin:/opt/plugins-venv/bin:/root/bin:/opt/bin:/usr/local/bin:/usr/local/sbin:/usr/local/bin:/usr/sbin:/usr/bin:/sbin:/bin', 'monitor_polling_interval': '1', 'INTEGRATION_PROXY_URL': 'https://integrations.emergentagent.com', 'WEBHOOK_CRON_API_URL': 'https://ea.int.apis.emergentagent.com', 'NEXT_TELEMETRY_DISABLED': '1', 'NODE_VERSION': '20', 'DEBIAN_FRONTEND': 'noninteractive', 'PUPPETEER_SKIP_CHROMIUM_DOWNLOAD': 'true', 'OLDPWD': '/app', '_': '/root/.venv/bin/python', 'PYTEST_VERSION': '9.1.1', 'LINES': '24', 'COLUMNS': '80', 'PYTEST_XDIST_TESTRUNUID': '70a4c4c6cd6c448c8fc636383982072c', 'PYTEST_XDIST_WORKER': 'gw1', 'PYTEST_XDIST_WORKER_COUNT': '2', 'PYTEST_CURRENT_TEST': 'tests/test_iter_final_prelaunch.py::TestConfig::test_env_vars (call)'}).get&#10; +      where environ({'KUBERNETES_SERVICE_PORT_HTTPS': '443', 'PYTHON_SHA256': '272179ddd9a2e41a0fc8e42e33dfbdca0b3711aa5abf372d3f2d51543d09b625', 'KUBERNETES_SERVICE_PORT': '443', 'PYTHONUNBUFFERED': '1', 'PIP_NO_INPUT': '1', 'STRIPE_API_KEY': 'sk_test_emergent', 'HOSTNAME': 'agent-env-b14494e7-0f25-4ddd-abd0-caa1c62c4931', 'PYTHON_VERSION': '3.11.15', 'base_url': 'https://demobackend.emergentagent.com', 'run_id': 'b14494e7-0f25-4ddd-abd0-caa1c62c4931', 'UV_COMPILE_BYTECODE': '1', 'PLUGIN_VENV_PATH': '/opt/plugins-venv', 'PUPPETEER_EXECUTABLE_PATH': '/usr/bin/chromium', 'PWD': '/app/backend/tests', 'code_server_password': '3dae19c0', 'job_id': 'dd25cb68-4302-4735-97fa-de75b34b033f', 'AGENT_BROWSER_EXECUTABLE_PATH': '/usr/bin/chromium', 'UV_EXTRA_INDEX_URL': 'https://d33sy5i8bnduwe.cloudfront.net/simple/', 'HOME': '/root', 'LANG': 'C.UTF-8', 'KUBERNETES_PORT_443_TCP': 'tcp://34.118.224.1:443', 'PLAYWRIGHT_CHROME_EXECUTABLE_PATH': '/usr/local/bin/browser-use-chromium', 'VIRTUAL_ENV': '/root/.venv', 'GPG_KEY': 'A035C8C19219BA821ECEA86B64E628F8D684696D', 'PLAYWRIGHT_BROWSERS_PATH': '/pw-browsers', 'integration_proxy_url': 'https://integrations.emergentagent.com', 'preview_endpoint': 'https://scr...T_PYPI_INDEX': 'https://d33sy5i8bnduwe.cloudfront.net/simple/', 'ENABLE_RELOAD': 'true', 'SHLVL': '1', 'KUBERNETES_PORT_443_TCP_PROTO': 'tcp', 'CHROME_PATH': '/usr/bin/chromium', 'KUBERNETES_PORT_443_TCP_ADDR': '34.118.224.1', 'LINTERS_PYPI_INDEX': 'https://d33sy5i8bnduwe.cloudfront.net/simple/', 'KUBERNETES_SERVICE_HOST': '34.118.224.1', 'KUBERNETES_PORT': 'tcp://34.118.224.1:443', 'KUBERNETES_PORT_443_TCP_PORT': '443', 'PATH': '/root/.venv/bin:/opt/plugins-venv/bin:/root/bin:/opt/bin:/usr/local/bin:/usr/local/sbin:/usr/local/bin:/usr/sbin:/usr/bin:/sbin:/bin', 'monitor_polling_interval': '1', 'INTEGRATION_PROXY_URL': 'https://integrations.emergentagent.com', 'WEBHOOK_CRON_API_URL': 'https://ea.int.apis.emergentagent.com', 'NEXT_TELEMETRY_DISABLED': '1', 'NODE_VERSION': '20', 'DEBIAN_FRONTEND': 'noninteractive', 'PUPPETEER_SKIP_CHROMIUM_DOWNLOAD': 'true', 'OLDPWD': '/app', '_': '/root/.venv/bin/python', 'PYTEST_VERSION': '9.1.1', 'LINES': '24', 'COLUMNS': '80', 'PYTEST_XDIST_TESTRUNUID': '70a4c4c6cd6c448c8fc636383982072c', 'PYTEST_XDIST_WORKER': 'gw1', 'PYTEST_XDIST_WORKER_COUNT': '2', 'PYTEST_CURRENT_TEST': 'tests/test_iter_final_prelaunch.py::TestConfig::test_env_vars (call)'}) = os.environ">test_iter_final_prelaunch.py:472: in test_env_vars
    assert os.environ.get("MONGO_URL")
E   AssertionError: assert None
E    +  where None = get('MONGO_URL')
E    +    where get = environ({'KUBERNETES_SERVICE_PORT_HTTPS': '443', 'PYTHON_SHA256': '272179ddd9a2e41a0fc8e42e33dfbdca0b3711aa5abf372d3f2d51543d09b625', 'KUBERNETES_SERVICE_PORT': '443', 'PYTHONUNBUFFERED': '1', 'PIP_NO_INPUT': '1', 'STRIPE_API_KEY': 'sk_test_emergent', 'HOSTNAME': 'agent-env-b14494e7-0f25-4ddd-abd0-caa1c62c4931', 'PYTHON_VERSION': '3.11.15', 'base_url': 'https://demobackend.emergentagent.com', 'run_id': 'b14494e7-0f25-4ddd-abd0-caa1c62c4931', 'UV_COMPILE_BYTECODE': '1', 'PLUGIN_VENV_PATH': '/opt/plugins-venv', 'PUPPETEER_EXECUTABLE_PATH': '/usr/bin/chromium', 'PWD': '/app/backend/tests', 'code_server_password': '3dae19c0', 'job_id': 'dd25cb68-4302-4735-97fa-de75b34b033f', 'AGENT_BROWSER_EXECUTABLE_PATH': '/usr/bin/chromium', 'UV_EXTRA_INDEX_URL': 'https://d33sy5i8bnduwe.cloudfront.net/simple/', 'HOME': '/root', 'LANG': 'C.UTF-8', 'KUBERNETES_PORT_443_TCP': 'tcp://34.118.224.1:443', 'PLAYWRIGHT_CHROME_EXECUTABLE_PATH': '/usr/local/bin/browser-use-chromium', 'VIRTUAL_ENV': '/root/.venv', 'GPG_KEY': 'A035C8C19219BA821ECEA86B64E628F8D684696D', 'PLAYWRIGHT_BROWSERS_PATH': '/pw-browsers', 'integration_proxy_url': 'https://integrations.emergentagent.com', 'preview_endpoint': 'https://scr...T_PYPI_INDEX': 'https://d33sy5i8bnduwe.cloudfront.net/simple/', 'ENABLE_RELOAD': 'true', 'SHLVL': '1', 'KUBERNETES_PORT_443_TCP_PROTO': 'tcp', 'CHROME_PATH': '/usr/bin/chromium', 'KUBERNETES_PORT_443_TCP_ADDR': '34.118.224.1', 'LINTERS_PYPI_INDEX': 'https://d33sy5i8bnduwe.cloudfront.net/simple/', 'KUBERNETES_SERVICE_HOST': '34.118.224.1', 'KUBERNETES_PORT': 'tcp://34.118.224.1:443', 'KUBERNETES_PORT_443_TCP_PORT': '443', 'PATH': '/root/.venv/bin:/opt/plugins-venv/bin:/root/bin:/opt/bin:/usr/local/bin:/usr/local/sbin:/usr/local/bin:/usr/sbin:/usr/bin:/sbin:/bin', 'monitor_polling_interval': '1', 'INTEGRATION_PROXY_URL': 'https://integrations.emergentagent.com', 'WEBHOOK_CRON_API_URL': 'https://ea.int.apis.emergentagent.com', 'NEXT_TELEMETRY_DISABLED': '1', 'NODE_VERSION': '20', 'DEBIAN_FRONTEND': 'noninteractive', 'PUPPETEER_SKIP_CHROMIUM_DOWNLOAD': 'true', 'OLDPWD': '/app', '_': '/root/.venv/bin/python', 'PYTEST_VERSION': '9.1.1', 'LINES': '24', 'COLUMNS': '80', 'PYTEST_XDIST_TESTRUNUID': '70a4c4c6cd6c448c8fc636383982072c', 'PYTEST_XDIST_WORKER': 'gw1', 'PYTEST_XDIST_WORKER_COUNT': '2', 'PYTEST_CURRENT_TEST': 'tests/test_iter_final_prelaunch.py::TestConfig::test_env_vars (call)'}).get
E    +      where environ({'KUBERNETES_SERVICE_PORT_HTTPS': '443', 'PYTHON_SHA256': '272179ddd9a2e41a0fc8e42e33dfbdca0b3711aa5abf372d3f2d51543d09b625', 'KUBERNETES_SERVICE_PORT': '443', 'PYTHONUNBUFFERED': '1', 'PIP_NO_INPUT': '1', 'STRIPE_API_KEY': 'sk_test_emergent', 'HOSTNAME': 'agent-env-b14494e7-0f25-4ddd-abd0-caa1c62c4931', 'PYTHON_VERSION': '3.11.15', 'base_url': 'https://demobackend.emergentagent.com', 'run_id': 'b14494e7-0f25-4ddd-abd0-caa1c62c4931', 'UV_COMPILE_BYTECODE': '1', 'PLUGIN_VENV_PATH': '/opt/plugins-venv', 'PUPPETEER_EXECUTABLE_PATH': '/usr/bin/chromium', 'PWD': '/app/backend/tests', 'code_server_password': '3dae19c0', 'job_id': 'dd25cb68-4302-4735-97fa-de75b34b033f', 'AGENT_BROWSER_EXECUTABLE_PATH': '/usr/bin/chromium', 'UV_EXTRA_INDEX_URL': 'https://d33sy5i8bnduwe.cloudfront.net/simple/', 'HOME': '/root', 'LANG': 'C.UTF-8', 'KUBERNETES_PORT_443_TCP': 'tcp://34.118.224.1:443', 'PLAYWRIGHT_CHROME_EXECUTABLE_PATH': '/usr/local/bin/browser-use-chromium', 'VIRTUAL_ENV': '/root/.venv', 'GPG_KEY': 'A035C8C19219BA821ECEA86B64E628F8D684696D', 'PLAYWRIGHT_BROWSERS_PATH': '/pw-browsers', 'integration_proxy_url': 'https://integrations.emergentagent.com', 'preview_endpoint': 'https://scr...T_PYPI_INDEX': 'https://d33sy5i8bnduwe.cloudfront.net/simple/', 'ENABLE_RELOAD': 'true', 'SHLVL': '1', 'KUBERNETES_PORT_443_TCP_PROTO': 'tcp', 'CHROME_PATH': '/usr/bin/chromium', 'KUBERNETES_PORT_443_TCP_ADDR': '34.118.224.1', 'LINTERS_PYPI_INDEX': 'https://d33sy5i8bnduwe.cloudfront.net/simple/', 'KUBERNETES_SERVICE_HOST': '34.118.224.1', 'KUBERNETES_PORT': 'tcp://34.118.224.1:443', 'KUBERNETES_PORT_443_TCP_PORT': '443', 'PATH': '/root/.venv/bin:/opt/plugins-venv/bin:/root/bin:/opt/bin:/usr/local/bin:/usr/local/sbin:/usr/local/bin:/usr/sbin:/usr/bin:/sbin:/bin', 'monitor_polling_interval': '1', 'INTEGRATION_PROXY_URL': 'https://integrations.emergentagent.com', 'WEBHOOK_CRON_API_URL': 'https://ea.int.apis.emergentagent.com', 'NEXT_TELEMETRY_DISABLED': '1', 'NODE_VERSION': '20', 'DEBIAN_FRONTEND': 'noninteractive', 'PUPPETEER_SKIP_CHROMIUM_DOWNLOAD': 'true', 'OLDPWD': '/app', '_': '/root/.venv/bin/python', 'PYTEST_VERSION': '9.1.1', 'LINES': '24', 'COLUMNS': '80', 'PYTEST_XDIST_TESTRUNUID': '70a4c4c6cd6c448c8fc636383982072c', 'PYTEST_XDIST_WORKER': 'gw1', 'PYTEST_XDIST_WORKER_COUNT': '2', 'PYTEST_CURRENT_TEST': 'tests/test_iter_final_prelaunch.py::TestConfig::test_env_vars (call)'}) = os.environ</failure></testcase><testcase classname="tests.test_iter_final_prelaunch.TestConfig" name="test_frontend_env" time="0.000" /><testcase classname="tests.test_iter_final_prelaunch.TestConfig" name="test_media_under_api_path" time="0.189" /><testcase classname="tests.test_iter_final_prelaunch.TestVideoPipelineContract" name="test_ffmpeg_installed" time="0.004"><failure message="AssertionError: ffmpeg binary NOT installed on container — video generation will fail at runtime!&#10;assert None is not None&#10; +  where None = &lt;function which at 0xfead36df8f40&gt;('ffmpeg')&#10; +    where &lt;function which at 0xfead36df8f40&gt; = shutil.which">test_iter_final_prelaunch.py:447: in test_ffmpeg_installed
    assert shutil.which("ffmpeg") is not None, \
E   AssertionError: ffmpeg binary NOT installed on container — video generation will fail at runtime!
E   assert None is not None
E    +  where None = &lt;function which at 0xfead36df8f40&gt;('ffmpeg')
E    +    where &lt;function which at 0xfead36df8f40&gt; = shutil.which</failure></testcase><testcase classname="tests.test_iter_final_prelaunch.TestWaitlistFlow" name="test_full_signup_flow" time="0.144" /><testcase classname="tests.test_iter_final_prelaunch.TestConfig" name="test_no_localhost_in_frontend_src" time="0.004" /><testcase classname="tests.test_iter_final_prelaunch.TestPerformance" name="test_matrix_under_1s" time="0.110" /><testcase classname="tests.test_iter_final_prelaunch.TestWaitlistFlow" name="test_duplicate_case_insensitive" time="0.147" /><testcase classname="tests.test_iter_final_prelaunch.TestPerformance" name="test_sanity_under_1s" time="0.099" /><testcase classname="tests.test_iter_final_prelaunch.TestWaitlistFlow" name="test_invalid_email" time="0.106" /><testcase classname="tests.test_iter_final_prelaunch.TestPerformance" name="test_untagged_under_1s" time="0.095" /><testcase classname="tests.test_iter_final_prelaunch.TestAnalytics" name="test_track_event" time="0.093" /><testcase classname="tests.test_iter_final_prelaunch.TestAttributionMatrix" name="test_matrix_json" time="0.096" /><testcase classname="tests.test_iter_final_prelaunch.TestAnalytics" name="test_admin_analytics_shape" time="0.114" /><testcase classname="tests.test_iter_final_prelaunch.TestAttributionMatrix" name="test_matrix_csv" time="0.098" /><testcase classname="tests.test_iter_final_prelaunch.TestExperiments" name="test_assignment_deterministic" time="0.184" /><testcase classname="tests.test_iter_final_prelaunch.TestDatabase" name="test_collections_present" time="0.001" /><testcase classname="tests.test_iter_final_prelaunch.TestDatabase" name="test_no_null_source_in_waitlist" time="0.001" /><testcase classname="tests.test_iter_final_prelaunch.TestExperiments" name="test_admin_experiments" time="0.101" /></testsuite></testsuites>