<?xml version="1.0" encoding="utf-8"?><testsuites name="pytest tests"><testsuite name="pytest" errors="0" failures="0" skipped="0" tests="2" time="84.777" timestamp="2026-07-23T09:24:10.716327+00:00" hostname="agent-env-b14494e7-0f25-4ddd-abd0-caa1c62c4931"><testcase classname="tests.test_iter20_image_voice_approval.TestSingleImageRegen" name="test_regenerate_single_scene_updates_only_that_image" time="41.476" /><testcase classname="tests.test_iter20_image_voice_approval.TestVoiceRegen" name="test_voice_regenerate_with_male_switches_preference" time="43.253" /></testsuite></testsuites>