<?xml version="1.0" encoding="utf-8"?><testsuites name="pytest tests"><testsuite name="pytest" errors="0" failures="0" skipped="0" tests="29" time="3.389" timestamp="2026-07-23T08:18:04.924429+00:00" hostname="agent-env-b14494e7-0f25-4ddd-abd0-caa1c62c4931"><testcase classname="tests.test_iter16_credit_pivot.TestRegression" name="test_health" time="0.233" /><testcase classname="tests.test_iter16_credit_pivot.TestProjectCreation" name="test_create_project_duration_sec_30" time="0.235" /><testcase classname="tests.test_iter16_credit_pivot.TestRegression" name="test_formats" time="0.104" /><testcase classname="tests.test_iter16_credit_pivot.TestProjectCreation" name="test_create_project_duration_sec_90" time="0.110" /><testcase classname="tests.test_iter16_credit_pivot.TestRegression" name="test_waitlist_still_accepts" time="0.100" /><testcase classname="tests.test_iter16_credit_pivot.TestProjectCreation" name="test_create_project_legacy_duration_min" time="0.100" /><testcase classname="tests.test_iter16_credit_pivot.TestRegression" name="test_admin_stats" time="0.094" /><testcase classname="tests.test_iter16_credit_pivot.TestProjectCreation" name="test_create_project_legacy_duration_min_matrix[1-30-3]" time="0.099" /><testcase classname="tests.test_iter16_credit_pivot.TestRegression" name="test_admin_attribution_matrix" time="0.102" /><testcase classname="tests.test_iter16_credit_pivot.TestProjectCreation" name="test_create_project_legacy_duration_min_matrix[3-180-15]" time="0.105" /><testcase classname="tests.test_iter16_credit_pivot.TestRegression" name="test_admin_sanity" time="0.102" /><testcase classname="tests.test_iter16_credit_pivot.TestProjectCreation" name="test_create_project_legacy_duration_min_matrix[5-300-25]" time="0.100" /><testcase classname="tests.test_iter16_credit_pivot.TestRegression" name="test_short_referral" time="0.097" /><testcase classname="tests.test_iter16_credit_pivot.TestProjectCreation" name="test_create_project_legacy_duration_min_matrix[10-600-50]" time="0.139" /><testcase classname="tests.test_iter16_credit_pivot.TestRegression" name="test_analytics_track" time="0.100" /><testcase classname="tests.test_iter16_credit_pivot.TestProjectCreation" name="test_create_project_duration_sec_matrix[30-3]" time="0.110" /><testcase classname="tests.test_iter16_credit_pivot.TestFreeRefill" name="test_refill_new_free_user_no_last_refill" time="0.095" /><testcase classname="tests.test_iter16_credit_pivot.TestProjectCreation" name="test_create_project_duration_sec_matrix[90-7]" time="0.097" /><testcase classname="tests.test_iter16_credit_pivot.TestFreeRefill" name="test_refill_idempotent_same_month" time="0.117" /><testcase classname="tests.test_iter16_credit_pivot.TestProjectCreation" name="test_create_project_duration_sec_matrix[600-50]" time="0.319" /><testcase classname="tests.test_iter16_credit_pivot.TestFreeRefill" name="test_refill_previous_month_triggers" time="1.167" /><testcase classname="tests.test_iter16_credit_pivot.TestProjectCreation" name="test_create_project_no_duration_uses_default" time="0.105" /><testcase classname="tests.test_iter16_credit_pivot.TestProjectCreation" name="test_create_project_snap_unsupported_duration" time="0.107" /><testcase classname="tests.test_iter16_credit_pivot.TestProjectCreation" name="test_insufficient_credits_returns_402" time="0.097" /><testcase classname="tests.test_iter16_credit_pivot.TestDurations" name="test_durations_public_no_auth" time="0.089" /><testcase classname="tests.test_iter16_credit_pivot.TestDurations" name="test_durations_exact_tiers" time="0.093" /><testcase classname="tests.test_iter16_credit_pivot.TestGenerateDeductsCredits" name="test_generate_decrements_by_credit_cost" time="0.703" /><testcase classname="tests.test_iter16_credit_pivot.TestFreeRefill" name="test_paid_user_not_refilled" time="0.098" /><testcase classname="tests.test_iter16_credit_pivot.TestFreeRefill" name="test_refill_does_not_reduce_existing_credits" time="0.101" /></testsuite></testsuites>