<?xml version="1.0" encoding="utf-8"?><testsuites name="pytest tests"><testsuite name="pytest" errors="0" failures="0" skipped="0" tests="13" time="8.146" timestamp="2026-07-23T08:44:21.119951+00:00" hostname="agent-env-b14494e7-0f25-4ddd-abd0-caa1c62c4931"><testcase classname="tests.test_iter18_script_approval" name="test_health_admin_auth" time="5.082" /><testcase classname="tests.test_iter18_script_approval" name="test_patch_script_updates_and_truncates" time="0.103" /><testcase classname="tests.test_iter18_script_approval" name="test_patch_script_scene_count_mismatch_400" time="0.047" /><testcase classname="tests.test_iter18_script_approval" name="test_patch_script_wrong_status_400" time="0.098" /><testcase classname="tests.test_iter18_script_approval" name="test_regenerate_from_awaiting_ok" time="0.494" /><testcase classname="tests.test_iter18_script_approval" name="test_regenerate_wrong_status_400" time="0.135" /><testcase classname="tests.test_iter18_script_approval" name="test_regenerate_from_error_ok" time="0.055" /><testcase classname="tests.test_iter18_script_approval" name="test_approve_flips_to_generating" time="0.091" /><testcase classname="tests.test_iter18_script_approval" name="test_approve_from_ready_returns_400" time="0.086" /><testcase classname="tests.test_iter18_script_approval" name="test_approve_from_generating_returns_400" time="0.047" /><testcase classname="tests.test_iter18_script_approval" name="test_cross_user_cannot_approve_or_edit" time="0.251" /><testcase classname="tests.test_iter18_script_approval" name="test_refund_on_post_approval_pipeline_error" time="0.549" /><testcase classname="tests.test_iter18_script_approval" name="test_z_cleanup_iter18_projects" time="0.003" /></testsuite></testsuites>