<?xml version="1.0" encoding="utf-8"?><testsuites name="pytest tests"><testsuite name="pytest" errors="0" failures="0" skipped="0" tests="15" time="14.069" timestamp="2026-07-23T09:57:43.571016+00:00" hostname="agent-env-b14494e7-0f25-4ddd-abd0-caa1c62c4931"><testcase classname="tests.test_iter21_talking_head.TestProjectCreateGating" name="test_free_user_talking_head_true_returns_402" time="0.743" /><testcase classname="tests.test_iter21_talking_head.TestCharacterUpload" name="test_upload_free_user_returns_402" time="1.064" /><testcase classname="tests.test_iter21_talking_head.TestProjectCreateGating" name="test_free_user_regular_project_works" time="0.700" /><testcase classname="tests.test_iter21_talking_head.TestCharacterUpload" name="test_upload_pro_valid_png" time="1.123" /><testcase classname="tests.test_iter21_talking_head.TestProjectCreateGating" name="test_pro_user_talking_head_true_succeeds" time="0.421" /><testcase classname="tests.test_iter21_talking_head.TestProjectPatch" name="test_patch_updates_draft_and_recomputes_cost" time="0.653" /><testcase classname="tests.test_iter21_talking_head.TestCharacterUpload" name="test_upload_bad_mime_returns_400" time="0.656" /><testcase classname="tests.test_iter21_talking_head.TestProjectPatch" name="test_patch_free_user_talking_head_true_returns_402" time="0.648" /><testcase classname="tests.test_iter21_talking_head.TestCharacterUpload" name="test_upload_too_large_returns_400" time="0.933" /><testcase classname="tests.test_iter21_talking_head.TestProjectPatch" name="test_patch_non_draft_returns_400" time="2.085" /><testcase classname="tests.test_iter21_talking_head.TestCharacterGenerate" name="test_generate_free_returns_402" time="0.475" /><testcase classname="tests.test_iter21_talking_head.TestCharacterGenerate" name="test_generate_short_desc_returns_400" time="0.457" /><testcase classname="tests.test_iter21_talking_head.TestCharacterGenerate" name="test_generate_real_portrait_nano_banana" time="9.044" /><testcase classname="tests.test_iter21_talking_head.TestFeatureFlag" name="test_talking_head_feature_shape" time="0.159" /><testcase classname="tests.test_iter21_talking_head.TestCharacterDelete" name="test_delete_clears_project_field" time="0.589" /></testsuite></testsuites>