<?xml version="1.0" encoding="utf-8"?><testsuites name="pytest tests"><testsuite name="pytest" errors="0" failures="0" skipped="0" tests="10" time="2.730" timestamp="2026-07-24T05:29:33.423048+00:00" hostname="agent-env-b14494e7-0f25-4ddd-abd0-caa1c62c4931"><testcase classname="tests.test_iter29_health_and_admin_rollup.TestAdminStatsReferralRollup" name="test_admin_stats_contains_referral_block" time="0.710" /><testcase classname="tests.test_iter29_health_and_admin_rollup.TestFFmpegRepairAuth" name="test_repair_ffmpeg_admin_returns_200_idempotent" time="0.748" /><testcase classname="tests.test_iter29_health_and_admin_rollup.TestAdminStatsReferralRollup" name="test_admin_stats_requires_admin" time="0.620" /><testcase classname="tests.test_iter29_health_and_admin_rollup.TestFFmpegRepairAuth" name="test_repair_ffmpeg_user_returns_403" time="0.584" /><testcase classname="tests.test_iter29_health_and_admin_rollup.TestAdminStatsReferralRollup" name="test_admin_stats_requires_auth" time="0.140" /><testcase classname="tests.test_iter29_health_and_admin_rollup.TestFFmpegRepairAuth" name="test_repair_ffmpeg_anon_returns_401" time="0.131" /><testcase classname="tests.test_iter29_health_and_admin_rollup.TestHealthShape" name="test_health_endpoint_returns_ok_with_all_checks" time="0.323" /><testcase classname="tests.test_iter29_health_and_admin_rollup.TestReferralShareUrlPublicHost" name="test_share_url_uses_public_preview_host" time="0.365" /><testcase classname="tests.test_iter29_health_and_admin_rollup.TestProjectsListSmoke" name="test_projects_endpoint_returns_200_for_authed_user" time="0.603" /><testcase classname="tests.test_iter29_health_and_admin_rollup.TestReferralShareUrlPublicHost" name="test_referral_endpoint_shape" time="0.560" /></testsuite></testsuites>