<?xml version="1.0" encoding="utf-8"?><testsuites name="pytest tests"><testsuite name="pytest" errors="0" failures="0" skipped="0" tests="15" time="2.184" timestamp="2026-07-22T14:06:31.288844+00:00" hostname="agent-env-b14494e7-0f25-4ddd-abd0-caa1c62c4931"><testcase classname="tests.test_phase1_ab_digest.TestDigest" name="test_config" time="0.335" /><testcase classname="tests.test_phase1_ab_digest.TestExperiments" name="test_landing_hero_returns_variant_and_content" time="0.384" /><testcase classname="tests.test_phase1_ab_digest.TestDigest" name="test_config_requires_admin" time="0.143" /><testcase classname="tests.test_phase1_ab_digest.TestExperiments" name="test_deterministic_same_client_id_same_variant" time="0.286" /><testcase classname="tests.test_phase1_ab_digest.TestDigest" name="test_preview_returns_model" time="0.065" /><testcase classname="tests.test_phase1_ab_digest.TestDigest" name="test_preview_html" time="0.064" /><testcase classname="tests.test_phase1_ab_digest.TestDigest" name="test_send_now_returns_document" time="0.125" /><testcase classname="tests.test_phase1_ab_digest.TestExperiments" name="test_both_variants_reachable" time="0.113" /><testcase classname="tests.test_phase1_ab_digest.TestDigest" name="test_list_requires_admin" time="0.176" /><testcase classname="tests.test_phase1_ab_digest.TestExperiments" name="test_known_client_ids_assignments" time="0.116" /><testcase classname="tests.test_phase1_ab_digest.TestExperiments" name="test_exposure_event_written" time="0.701" /><testcase classname="tests.test_phase1_ab_digest.TestAnalyticsVariant" name="test_track_accepts_variant_property" time="0.046" /><testcase classname="tests.test_phase1_ab_digest.TestScheduler" name="test_startup_log_present" time="0.002" /><testcase classname="tests.test_phase1_ab_digest.TestExperiments" name="test_admin_experiments_shape" time="0.063" /><testcase classname="tests.test_phase1_ab_digest.TestExperiments" name="test_admin_experiments_requires_admin" time="0.059" /></testsuite></testsuites>