<?xml version="1.0" encoding="utf-8"?><testsuites name="pytest tests"><testsuite name="pytest" errors="0" failures="0" skipped="0" tests="12" time="1.478" timestamp="2026-07-22T14:46:37.321225+00:00" hostname="agent-env-b14494e7-0f25-4ddd-abd0-caa1c62c4931"><testcase classname="tests.test_csv_and_segments.TestWaitlistCsvExport" name="test_csv_default_headers_and_filename" time="0.158" /><testcase classname="tests.test_csv_and_segments.TestAdminWaitlistListing" name="test_shape_contains_all_keys" time="0.208" /><testcase classname="tests.test_csv_and_segments.TestWaitlistCsvExport" name="test_csv_source_filter_filename_and_rows" time="0.192" /><testcase classname="tests.test_csv_and_segments.TestAdminWaitlistListing" name="test_source_filter_returns_only_matching" time="0.182" /><testcase classname="tests.test_csv_and_segments.TestWaitlistCsvExport" name="test_csv_non_admin_401" time="0.107" /><testcase classname="tests.test_csv_and_segments.TestAdminWaitlistListing" name="test_plan_and_q_filters" time="0.219" /><testcase classname="tests.test_csv_and_segments.TestUtmLinksCsvExport" name="test_csv_headers_and_filename" time="0.076" /><testcase classname="tests.test_csv_and_segments.TestUtmLinksCsvExport" name="test_csv_rows_match_json_endpoint" time="0.189" /><testcase classname="tests.test_csv_and_segments.TestAdminWaitlistListing" name="test_non_admin_returns_401_or_403" time="0.117" /><testcase classname="tests.test_csv_and_segments.TestUtmLinksCsvExport" name="test_csv_non_admin_401" time="0.066" /><testcase classname="tests.test_csv_and_segments.TestWaitlistAttribution" name="test_signup_with_attribution_persists_all_fields" time="0.122" /><testcase classname="tests.test_csv_and_segments.TestWaitlistAttribution" name="test_signup_without_source_defaults_to_direct" time="0.122" /></testsuite></testsuites>