<?xml version="1.0" encoding="utf-8"?><testsuites name="pytest tests"><testsuite name="pytest" errors="0" failures="0" skipped="0" tests="18" time="1.552" timestamp="2026-07-22T10:32:37.927598+00:00" hostname="agent-env-b14494e7-0f25-4ddd-abd0-caa1c62c4931"><testcase classname="tests.test_phase1.TestAnalytics" name="test_track_valid_event" time="0.229" /><testcase classname="tests.test_phase1.TestWaitlist" name="test_join_valid_email" time="0.229" /><testcase classname="tests.test_phase1.TestWaitlist" name="test_duplicate_returns_already_joined" time="0.043" /><testcase classname="tests.test_phase1.TestAnalytics" name="test_track_invalid_event_empty" time="0.101" /><testcase classname="tests.test_phase1.TestWaitlist" name="test_invalid_email_returns_400" time="0.043" /><testcase classname="tests.test_phase1.TestWaitlist" name="test_email_case_insensitive_and_trimmed" time="0.043" /><testcase classname="tests.test_phase1.TestAnalytics" name="test_track_invalid_event_too_long" time="0.043" /><testcase classname="tests.test_phase1.TestAdminWaitlist" name="test_requires_admin" time="0.091" /><testcase classname="tests.test_phase1.TestAnalytics" name="test_event_visible_in_admin_analytics" time="0.547" /><testcase classname="tests.test_phase1.TestAdminWaitlist" name="test_unauthenticated" time="0.042" /><testcase classname="tests.test_phase1.TestAdminWaitlist" name="test_admin_ok" time="0.043" /><testcase classname="tests.test_phase1.TestBillingStub" name="test_status_disabled" time="0.044" /><testcase classname="tests.test_phase1.TestBillingStub" name="test_checkout_501" time="0.039" /><testcase classname="tests.test_phase1.TestBillingStub" name="test_webhook_501" time="0.082" /><testcase classname="tests.test_phase1.TestAdminStatsExtended" name="test_new_phase1_fields" time="0.054" /><testcase classname="tests.test_phase1.TestAdminAnalytics" name="test_requires_admin" time="0.043" /><testcase classname="tests.test_phase1.TestAdminAnalytics" name="test_unauthenticated" time="0.046" /><testcase classname="tests.test_phase1.TestAdminAnalytics" name="test_admin_ok" time="0.049" /></testsuite></testsuites>