<?xml version="1.0" encoding="utf-8"?><testsuites name="pytest tests"><testsuite name="pytest" errors="0" failures="0" skipped="0" tests="31" time="2.157" timestamp="2026-07-22T11:01:21.192968+00:00" hostname="agent-env-b14494e7-0f25-4ddd-abd0-caa1c62c4931"><testcase classname="tests.test_phase1.TestWaitlist" name="test_join_valid_email" time="0.129" /><testcase classname="tests.test_phase1_demo.TestPhase1Events" name="test_track_new_event[waitlist_button_click]" time="0.132" /><testcase classname="tests.test_phase1.TestWaitlist" name="test_duplicate_returns_already_joined" time="0.080" /><testcase classname="tests.test_phase1_demo.TestPhase1Events" name="test_track_new_event[demo_video_view]" time="0.048" /><testcase classname="tests.test_phase1_demo.TestPhase1Events" name="test_track_new_event[demo_video_impression]" time="0.046" /><testcase classname="tests.test_phase1.TestWaitlist" name="test_invalid_email_returns_400" time="0.081" /><testcase classname="tests.test_phase1_demo.TestPhase1Events" name="test_track_new_event[demo_video_completed]" time="0.044" /><testcase classname="tests.test_phase1_demo.TestPhase1Events" name="test_track_new_event[book_demo_click]" time="0.084" /><testcase classname="tests.test_phase1.TestWaitlist" name="test_email_case_insensitive_and_trimmed" time="0.041" /><testcase classname="tests.test_phase1.TestAnalytics" name="test_track_valid_event" time="0.041" /><testcase classname="tests.test_phase1_demo.TestPhase1Events" name="test_track_new_event[book_demo_submit]" time="0.042" /><testcase classname="tests.test_phase1.TestAnalytics" name="test_track_invalid_event_empty" time="0.078" /><testcase classname="tests.test_phase1_demo.TestPhase1Events" name="test_track_new_event[book_demo_success]" time="0.049" /><testcase classname="tests.test_phase1_demo.TestPhase1Events" name="test_track_new_event[page_view]" time="0.048" /><testcase classname="tests.test_phase1.TestAnalytics" name="test_track_invalid_event_too_long" time="0.039" /><testcase classname="tests.test_phase1.TestAnalytics" name="test_event_visible_in_admin_analytics" time="0.545" /><testcase classname="tests.test_phase1_demo.TestPhase1Events" name="test_conversion_by_source_reflects_events" time="0.703" /><testcase classname="tests.test_phase1.TestAdminWaitlist" name="test_requires_admin" time="0.039" /><testcase classname="tests.test_phase1.TestAdminWaitlist" name="test_unauthenticated" time="0.078" /><testcase classname="tests.test_phase1.TestAdminWaitlist" name="test_admin_ok" time="0.041" /><testcase classname="tests.test_phase1.TestAdminAnalytics" name="test_requires_admin" time="0.081" /><testcase classname="tests.test_phase1_demo.TestStaticMedia" name="test_demo_mp4_full_body" time="0.149" /><testcase classname="tests.test_phase1.TestAdminAnalytics" name="test_unauthenticated" time="0.039" /><testcase classname="tests.test_phase1.TestAdminAnalytics" name="test_admin_ok" time="0.043" /><testcase classname="tests.test_phase1_demo.TestStaticMedia" name="test_demo_poster_jpg" time="0.048" /><testcase classname="tests.test_phase1.TestBillingStub" name="test_status_disabled" time="0.079" /><testcase classname="tests.test_phase1_demo.TestStaticMedia" name="test_missing_media_404" time="0.042" /><testcase classname="tests.test_phase1_demo.TestAdminStatsPhase1" name="test_extra_phase1_counters" time="0.087" /><testcase classname="tests.test_phase1.TestBillingStub" name="test_checkout_501" time="0.039" /><testcase classname="tests.test_phase1.TestBillingStub" name="test_webhook_501" time="0.037" /><testcase classname="tests.test_phase1.TestAdminStatsExtended" name="test_new_phase1_fields" time="0.120" /></testsuite></testsuites>