<?xml version="1.0" encoding="utf-8"?><testsuites name="pytest tests"><testsuite name="pytest" errors="0" failures="0" skipped="1" tests="17" time="1.305" timestamp="2026-07-22T10:20:20.103503+00:00" hostname="agent-env-b14494e7-0f25-4ddd-abd0-caa1c62c4931"><testcase classname="tests.backend_test.TestAdmin" name="test_users_requires_admin" time="0.122" /><testcase classname="tests.backend_test.TestProjectsCRUD" name="test_create_project" time="0.275" /><testcase classname="tests.backend_test.TestAdmin" name="test_stats_requires_admin" time="0.042" /><testcase classname="tests.backend_test.TestAdmin" name="test_admin_users_list" time="0.045" /><testcase classname="tests.backend_test.TestAdmin" name="test_admin_stats" time="0.054" /><testcase classname="tests.backend_test.TestAdmin" name="test_admin_set_credits" time="0.267" /><testcase classname="tests.backend_test.TestProjectsCRUD" name="test_get_project" time="0.047" /><testcase classname="tests.backend_test.TestProjectsCRUD" name="test_list_projects_scoped_to_user" time="0.046" /><testcase classname="tests.backend_test.TestProjectsCRUD" name="test_list_projects_unauthed" time="0.088" /><testcase classname="tests.backend_test.TestProjectsCRUD" name="test_get_other_users_project_404" time="0.048" /><testcase classname="tests.backend_test.TestProjectsCRUD" name="test_delete_project" time="0.179" /><testcase classname="tests.backend_test.TestAuth" name="test_me_unauthenticated" time="0.041" /><testcase classname="tests.backend_test.TestAuth" name="test_me_with_bearer" time="0.044" /><testcase classname="tests.backend_test.TestAuth" name="test_me_bad_token" time="0.045" /><testcase classname="tests.backend_test.TestPipeline" name="test_generate_end_to_end" time="0.001"><skipped type="pytest.skip" message="Set RUN_PIPELINE=1 to run long pipeline test (~60-180s)">/app/backend/tests/backend_test.py:181: Set RUN_PIPELINE=1 to run long pipeline test (~60-180s)</skipped></testcase><testcase classname="tests.backend_test.TestHealth" name="test_root_api" time="0.046" /><testcase classname="tests.backend_test.TestCredits" name="test_create_project_zero_credits_returns_402" time="0.046" /></testsuite></testsuites>