<?xml version="1.0" encoding="utf-8"?><testsuites name="pytest tests"><testsuite name="pytest" errors="0" failures="0" skipped="0" tests="10" time="2.122" timestamp="2026-07-22T14:19:27.439138+00:00" hostname="agent-env-b14494e7-0f25-4ddd-abd0-caa1c62c4931"><testcase classname="tests.test_utm_links.TestAuthGuard" name="test_list_requires_admin" time="0.256" /><testcase classname="tests.test_utm_links.TestUtmCreate" name="test_create_basic_returns_all_fields" time="0.471" /><testcase classname="tests.test_utm_links.TestAuthGuard" name="test_create_requires_admin" time="0.045" /><testcase classname="tests.test_utm_links.TestAuthGuard" name="test_delete_requires_admin" time="0.045" /><testcase classname="tests.test_utm_links.TestUtmList" name="test_list_shape_and_sort" time="0.525" /><testcase classname="tests.test_utm_links.TestUtmCreate" name="test_create_preserves_existing_querystring" time="0.146" /><testcase classname="tests.test_utm_links.TestUtmCreate" name="test_create_missing_source_returns_400" time="0.072" /><testcase classname="tests.test_utm_links.TestUtmCreate" name="test_create_missing_source_key_returns_422" time="0.071" /><testcase classname="tests.test_utm_links.TestUtmList" name="test_delete_removes_row" time="0.192" /><testcase classname="tests.test_utm_links.TestUtmStatsAggregation" name="test_events_roll_up_into_row_stats" time="0.569" /></testsuite></testsuites>